Unity Editor version:    2021.2.13f1 (90b6766da538)
Branch:                  2021.2/staging
Build type:              Release
Batch mode:              YES
macOS version:           Version 12.4 (Build 21F79)
Darwin version:          21.5.0
Architecture:            x86_64
Running under Rosetta:   NO
Available memory:        16384 MB
Using pre-set license
Pro License: YES

COMMAND LINE ARGUMENTS:
/Applications/2021.2.13f1/Unity.app/Contents/MacOS/Unity
-adb2
-batchMode
-noUpm
-name
AssetImportWorker3
-projectPath
/Users/macbookpro1/Documents/TrafficProject
-logFile
Logs/AssetImportWorker3.log
-srvPort
49368
Successfully changed project path to: /Users/macbookpro1/Documents/TrafficProject
/Users/macbookpro1/Documents/TrafficProject
[UnityMemory] Configuration Parameters - Can be set up in boot.config
    "memorysetup-bucket-allocator-granularity=16"
    "memorysetup-bucket-allocator-bucket-count=8"
    "memorysetup-bucket-allocator-block-size=33554432"
    "memorysetup-bucket-allocator-block-count=8"
    "memorysetup-main-allocator-block-size=16777216"
    "memorysetup-thread-allocator-block-size=16777216"
    "memorysetup-gfx-main-allocator-block-size=16777216"
    "memorysetup-gfx-thread-allocator-block-size=16777216"
    "memorysetup-cache-allocator-block-size=4194304"
    "memorysetup-typetree-allocator-block-size=2097152"
    "memorysetup-profiler-bucket-allocator-granularity=16"
    "memorysetup-profiler-bucket-allocator-bucket-count=8"
    "memorysetup-profiler-bucket-allocator-block-size=33554432"
    "memorysetup-profiler-bucket-allocator-block-count=8"
    "memorysetup-profiler-allocator-block-size=16777216"
    "memorysetup-profiler-editor-allocator-block-size=1048576"
    "memorysetup-temp-allocator-size-main=16777216"
    "memorysetup-job-temp-allocator-block-size=2097152"
    "memorysetup-job-temp-allocator-block-size-background=1048576"
    "memorysetup-job-temp-allocator-reduction-small-platforms=262144"
    "memorysetup-temp-allocator-size-background-worker=32768"
    "memorysetup-temp-allocator-size-job-worker=262144"
    "memorysetup-temp-allocator-size-preload-manager=33554432"
    "memorysetup-temp-allocator-size-nav-mesh-worker=65536"
    "memorysetup-temp-allocator-size-audio-worker=65536"
    "memorysetup-temp-allocator-size-cloud-worker=32768"
    "memorysetup-temp-allocator-size-gi-baking-worker=262144"
    "memorysetup-temp-allocator-size-gfx=262144"
Refreshing native plugins compatible for Editor in 175.45 ms, found 3 plugins.
Preloading 0 native plugins for Editor in 0.00 ms.
Initialize engine version: 2021.2.13f1 (90b6766da538)
[Subsystems] Discovering subsystems at path /Applications/2021.2.13f1/Unity.app/Contents/Resources/UnitySubsystems
[Subsystems] Discovering subsystems at path /Users/macbookpro1/Documents/TrafficProject/Assets
GfxDevice: creating device client; threaded=0; jobified=0
LG HDR WQHD preferred device: AMD Radeon Pro 560X (high power)
Metal devices available: 2
0: AMD Radeon Pro 560X (high power)
1: Intel(R) UHD Graphics 630 (low power)
Using device AMD Radeon Pro 560X (high power)
Initializing Metal device caps: AMD Radeon Pro 560X
Initialize mono
Mono path[0] = '/Applications/2021.2.13f1/Unity.app/Contents/Managed'
Mono path[1] = '/Applications/2021.2.13f1/Unity.app/Contents/MonoBleedingEdge/lib/mono/unityjit-macos'
Mono config path = '/Applications/2021.2.13f1/Unity.app/Contents/MonoBleedingEdge/etc'
Using monoOptions --debugger-agent=transport=dt_socket,embedding=1,server=y,suspend=n,address=127.0.0.1:56344
Begin MonoManager ReloadAssembly
Registering precompiled unity dll's ...
Register platform support module: /Applications/2021.2.13f1/Unity.app/Contents/PlaybackEngines/MacStandaloneSupport/UnityEditor.OSXStandalone.Extensions.dll
Register platform support module: /Applications/2021.2.13f1/PlaybackEngines/AndroidPlayer/UnityEditor.Android.Extensions.dll
Register platform support module: /Applications/2021.2.13f1/PlaybackEngines/iOSSupport/UnityEditor.iOS.Extensions.dll
Registered in 0.005503 seconds.
[usbmuxd] Start listen thread
[usbmuxd] Listen thread started
[usbmuxd] Send listen message
Native extension for iOS target not found
Native extension for Android target not found
Native extension for OSXStandalone target not found
Refreshing native plugins compatible for Editor in 163.21 ms, found 3 plugins.
Preloading 0 native plugins for Editor in 0.00 ms.
Mono: successfully reloaded assembly
- Completed reload, in  0.924 seconds
Domain Reload Profiling:
	ReloadAssembly (924ms)
		BeginReloadAssembly (116ms)
			ExecutionOrderSort (0ms)
			DisableScriptedObjects (0ms)
			BackupInstance (0ms)
			ReleaseScriptingObjects (0ms)
			CreateAndSetChildDomain (1ms)
		EndReloadAssembly (679ms)
			LoadAssemblies (119ms)
			RebuildTransferFunctionScriptingTraits (0ms)
			SetupTypeCache (133ms)
			ReleaseScriptCaches (0ms)
			RebuildScriptCaches (37ms)
			SetupLoadedEditorAssemblies (451ms)
				LogAssemblyErrors (0ms)
				InitializePlatformSupportModulesInManaged (122ms)
				SetLoadedEditorAssemblies (0ms)
				RefreshPlugins (163ms)
				BeforeProcessingInitializeOnLoad (2ms)
				ProcessInitializeOnLoadAttributes (113ms)
				ProcessInitializeOnLoadMethodAttributes (50ms)
				AfterProcessingInitializeOnLoad (0ms)
				EditorAssembliesLoaded (0ms)
			ExecutionOrderSort2 (0ms)
			AwakeInstancesAfterBackupRestoration (0ms)
Platform modules already initialized, skipping
Registering precompiled user dll's ...
Registered in 0.002421 seconds.
Begin MonoManager ReloadAssembly
Symbol file LoadedFromMemory doesn't match image /Users/macbookpro1/Documents/TrafficProject/Library/PackageCache/com.unity.visualscripting@1.7.8/Editor/VisualScripting.Core/Dependencies/YamlDotNet/Unity.VisualScripting.YamlDotNet.dll
Symbol file LoadedFromMemory doesn't match image /Users/macbookpro1/Documents/TrafficProject/Library/PackageCache/com.unity.visualscripting@1.7.8/Editor/VisualScripting.Core/Dependencies/DotNetZip/Unity.VisualScripting.IonicZip.dll
Native extension for iOS target not found
Native extension for Android target not found
Native extension for OSXStandalone target not found
Refreshing native plugins compatible for Editor in 1.41 ms, found 3 plugins.
Preloading 0 native plugins for Editor in 0.00 ms.
Mono: successfully reloaded assembly
- Completed reload, in  1.537 seconds
Domain Reload Profiling:
	ReloadAssembly (1538ms)
		BeginReloadAssembly (236ms)
			ExecutionOrderSort (0ms)
			DisableScriptedObjects (7ms)
			BackupInstance (0ms)
			ReleaseScriptingObjects (0ms)
			CreateAndSetChildDomain (142ms)
		EndReloadAssembly (1167ms)
			LoadAssemblies (123ms)
			RebuildTransferFunctionScriptingTraits (0ms)
			SetupTypeCache (331ms)
			ReleaseScriptCaches (4ms)
			RebuildScriptCaches (66ms)
			SetupLoadedEditorAssemblies (590ms)
				LogAssemblyErrors (0ms)
				InitializePlatformSupportModulesInManaged (28ms)
				SetLoadedEditorAssemblies (1ms)
				RefreshPlugins (1ms)
				BeforeProcessingInitializeOnLoad (76ms)
				ProcessInitializeOnLoadAttributes (445ms)
				ProcessInitializeOnLoadMethodAttributes (37ms)
				AfterProcessingInitializeOnLoad (1ms)
				EditorAssembliesLoaded (0ms)
			ExecutionOrderSort2 (0ms)
			AwakeInstancesAfterBackupRestoration (4ms)
Platform modules already initialized, skipping
========================================================================
Worker process is ready to serve import requests
Launching external process: /Applications/2021.2.13f1/Unity.app/Contents/Tools/UnityShaderCompiler
Launched and connected shader compiler UnityShaderCompiler after 0.06 seconds
Refreshing native plugins compatible for Editor in 1.42 ms, found 3 plugins.
Preloading 0 native plugins for Editor in 0.00 ms.
Unloading 3390 Unused Serialized files (Serialized files now loaded: 0)
Unloading 32 unused Assets / (96.1 KB). Loaded Objects now: 3892.
Memory consumption went from 273.7 MB to 273.6 MB.
Total: 3.627581 ms (FindLiveObjects: 0.281166 ms CreateObjectMapping: 0.196294 ms MarkObjects: 2.984515 ms  DeleteObjects: 0.164448 ms)

AssetImportParameters requested are different than current active one (requested -> active):
  custom:video-decoder-ogg-theora: a1e56fd34408186e4bbccfd4996cb3dc -> 
  custom:container-muxer-webm: aa71ff27fc2769a1b78a27578f13a17b -> 
  custom:container-demuxer-webm: 4f35f7cbe854078d1ac9338744f61a02 -> 
  custom:video-encoder-webm-vp8: eb34c28f22e8b96e1ab97ce403110664 -> 
  custom:framework-osx-AVFoundation: e770b220cccbd017edd2c1fefb359320 -> 
  custom:audio-encoder-webm-vorbis: bf7c407c2cedff20999df2af8eb42d56 -> 
  custom:container-demuxer-ogg: 62fdf1f143b41e24485cea50d1cbac27 -> 
  custom:video-decoder-webm-vp8: 9c59270c3fd7afecdb556c50c9e8de78 -> 
  custom:audio-decoder-ogg-vorbis: bf7c407c2cedff20999df2af8eb42d56 -> 
========================================================================
Received Import Request.
  Time since last request: 633.879749 seconds.
  path: Assets/UI - BUILDER/Source Files/Panels/Panels@2x-assets/CornerPanels/CornerPanelRadius_12px_Stroke_6px.png
  artifactKey: Guid(f822e1b90eda3cc468f1591fa5358732) Importer(815301076,1909f56bfc062723c751e8b465ee728b)
Start importing Assets/UI - BUILDER/Source Files/Panels/Panels@2x-assets/CornerPanels/CornerPanelRadius_12px_Stroke_6px.png using Guid(f822e1b90eda3cc468f1591fa5358732) Importer(815301076,1909f56bfc062723c751e8b465ee728b)  -> (artifact id: '65ca8951fe22cac8b8185ea881a36aee') in 0.267707 seconds 
========================================================================
Received Import Request.
  Time since last request: 0.000099 seconds.
  path: Assets/UI - BUILDER/Source Files/Panels/Panels@2x-assets/CornerPanels/CornerPanelRadius_12px_Stroke_12px.png
  artifactKey: Guid(8218612080088c24abf483bcc480487a) Importer(815301076,1909f56bfc062723c751e8b465ee728b)
Start importing Assets/UI - BUILDER/Source Files/Panels/Panels@2x-assets/CornerPanels/CornerPanelRadius_12px_Stroke_12px.png using Guid(8218612080088c24abf483bcc480487a) Importer(815301076,1909f56bfc062723c751e8b465ee728b)  -> (artifact id: 'a6edd23f438027eb8b0d832d43a7052a') in 0.018851 seconds 
========================================================================
Received Import Request.
  Time since last request: 5.020439 seconds.
  path: Assets/UI - BUILDER/Source Files/Panels/Panels@1x-assets/CornerPanels/CornerPanelRadius_34px_Fill.png
  artifactKey: Guid(8da86438290b7d64eb1d62723389c0d3) Importer(815301076,1909f56bfc062723c751e8b465ee728b)
Start importing Assets/UI - BUILDER/Source Files/Panels/Panels@1x-assets/CornerPanels/CornerPanelRadius_34px_Fill.png using Guid(8da86438290b7d64eb1d62723389c0d3) Importer(815301076,1909f56bfc062723c751e8b465ee728b)  -> (artifact id: 'f77f352286ab5e3792793610aa3ae69c') in 0.015119 seconds 
========================================================================
Received Import Request.
  Time since last request: 0.000089 seconds.
  path: Assets/UI - BUILDER/Source Files/Panels/Panels@2x-assets/CornerPanels/CornerPanelRadius_34px_Stroke_2px.png
  artifactKey: Guid(b2ab426885342db4cbddcfbade181376) Importer(815301076,1909f56bfc062723c751e8b465ee728b)
Start importing Assets/UI - BUILDER/Source Files/Panels/Panels@2x-assets/CornerPanels/CornerPanelRadius_34px_Stroke_2px.png using Guid(b2ab426885342db4cbddcfbade181376) Importer(815301076,1909f56bfc062723c751e8b465ee728b)  -> (artifact id: '9b80ce3ede1e14c0016d54a219aaa3f9') in 0.017569 seconds 
========================================================================
Received Import Request.
  Time since last request: 0.000110 seconds.
  path: Assets/UI - BUILDER/Source Files/Panels/Panels@1x-assets/CornerPanels/CornerPanelRadius_34px_Stroke_1px.png
  artifactKey: Guid(606f87df5c985fa41ad2590f14e70dbc) Importer(815301076,1909f56bfc062723c751e8b465ee728b)
Start importing Assets/UI - BUILDER/Source Files/Panels/Panels@1x-assets/CornerPanels/CornerPanelRadius_34px_Stroke_1px.png using Guid(606f87df5c985fa41ad2590f14e70dbc) Importer(815301076,1909f56bfc062723c751e8b465ee728b)  -> (artifact id: 'b5f3259be7554ca32c965a0f6e1ba5ac') in 0.014912 seconds 
========================================================================
Received Import Request.
  Time since last request: 5.881273 seconds.
  path: Assets/UI - BUILDER/Source Files/Panels/Panels@1x-assets/CornerPanels/CornerPanelRadius_34px_Stroke_6px.png
  artifactKey: Guid(53b6340a15b6ff840aa4b88010aa6e28) Importer(815301076,1909f56bfc062723c751e8b465ee728b)
Start importing Assets/UI - BUILDER/Source Files/Panels/Panels@1x-assets/CornerPanels/CornerPanelRadius_34px_Stroke_6px.png using Guid(53b6340a15b6ff840aa4b88010aa6e28) Importer(815301076,1909f56bfc062723c751e8b465ee728b)  -> (artifact id: '744c7503b035696d8cf042c72a4e6785') in 0.019223 seconds 
========================================================================
Received Import Request.
  Time since last request: 0.000100 seconds.
  path: Assets/UI - BUILDER/Source Files/Panels/Panels@2x-assets/CornerPanels/CornerPanelRadius_34px_Stroke_10px.png
  artifactKey: Guid(e603ba4ad9273de4481c8107cb6604a9) Importer(815301076,1909f56bfc062723c751e8b465ee728b)
Start importing Assets/UI - BUILDER/Source Files/Panels/Panels@2x-assets/CornerPanels/CornerPanelRadius_34px_Stroke_10px.png using Guid(e603ba4ad9273de4481c8107cb6604a9) Importer(815301076,1909f56bfc062723c751e8b465ee728b)  -> (artifact id: 'ec5d4302aa364fb9c9fedbc8425c58a6') in 0.019568 seconds 
========================================================================
Received Import Request.
  Time since last request: 1.279995 seconds.
  path: Assets/UI - BUILDER/Source Files/Panels/Panels@1x-assets/CornerPanels/CornerPanelRadius_34px_Stroke_16px.png
  artifactKey: Guid(05708ab137f525d4e8afa3c8c8ab60c0) Importer(815301076,1909f56bfc062723c751e8b465ee728b)
Start importing Assets/UI - BUILDER/Source Files/Panels/Panels@1x-assets/CornerPanels/CornerPanelRadius_34px_Stroke_16px.png using Guid(05708ab137f525d4e8afa3c8c8ab60c0) Importer(815301076,1909f56bfc062723c751e8b465ee728b)  -> (artifact id: 'b861c2fbc41ea05ff55b482caac76411') in 0.018086 seconds 
========================================================================
Received Import Request.
  Time since last request: 0.000092 seconds.
  path: Assets/UI - BUILDER/Source Files/Panels/Panels@1x-assets/CornerPanels/CornerPanelRadius_34px_Stroke_20px.png
  artifactKey: Guid(c37b98f4e93066c42abc757ddcfc8c02) Importer(815301076,1909f56bfc062723c751e8b465ee728b)
Start importing Assets/UI - BUILDER/Source Files/Panels/Panels@1x-assets/CornerPanels/CornerPanelRadius_34px_Stroke_20px.png using Guid(c37b98f4e93066c42abc757ddcfc8c02) Importer(815301076,1909f56bfc062723c751e8b465ee728b)  -> (artifact id: 'e302fe7cadb562f2e82864f41eef1118') in 0.020735 seconds 
========================================================================
Received Import Request.
  Time since last request: 7.139439 seconds.
  path: Assets/UI - BUILDER/Source Files/Panels/Panels@1x-assets/CornerPanels/CornerPanelRadius_50px_Stroke_2px.png
  artifactKey: Guid(4254ecf007e585c438ad6f73204be67e) Importer(815301076,1909f56bfc062723c751e8b465ee728b)
Start importing Assets/UI - BUILDER/Source Files/Panels/Panels@1x-assets/CornerPanels/CornerPanelRadius_50px_Stroke_2px.png using Guid(4254ecf007e585c438ad6f73204be67e) Importer(815301076,1909f56bfc062723c751e8b465ee728b)  -> (artifact id: '56488437afa55b8602d0bb0cdb07dec6') in 0.019445 seconds 
========================================================================
Received Import Request.
  Time since last request: 0.000104 seconds.
  path: Assets/UI - BUILDER/Source Files/Panels/Panels@2x-assets/CornerPanels/CornerPanelRadius_50px_Stroke_2px.png
  artifactKey: Guid(6d7d8e3b63765f249a2fffc770842fe0) Importer(815301076,1909f56bfc062723c751e8b465ee728b)
Start importing Assets/UI - BUILDER/Source Files/Panels/Panels@2x-assets/CornerPanels/CornerPanelRadius_50px_Stroke_2px.png using Guid(6d7d8e3b63765f249a2fffc770842fe0) Importer(815301076,1909f56bfc062723c751e8b465ee728b)  -> (artifact id: 'caa89309fa9c3453292d5246555d64e0') in 0.025323 seconds 
========================================================================
Received Import Request.
  Time since last request: 3.910796 seconds.
  path: Assets/UI - BUILDER/Source Files/Panels/Panels@1x-assets/CornerPanels/CornerPanelRadius_50px_Stroke_10px.png
  artifactKey: Guid(3e0600b259b542b4c87df4a5b011cb3c) Importer(815301076,1909f56bfc062723c751e8b465ee728b)
Start importing Assets/UI - BUILDER/Source Files/Panels/Panels@1x-assets/CornerPanels/CornerPanelRadius_50px_Stroke_10px.png using Guid(3e0600b259b542b4c87df4a5b011cb3c) Importer(815301076,1909f56bfc062723c751e8b465ee728b)  -> (artifact id: 'c1d60326091e04ddd30c81e1b8a90d20') in 0.016222 seconds 
========================================================================
Received Import Request.
  Time since last request: 0.000092 seconds.
  path: Assets/UI - BUILDER/Source Files/Panels/Panels@2x-assets/CornerPanels/CornerPanelRadius_50px_Stroke_16px.png
  artifactKey: Guid(7a5117e0bf3d55541b670aeb21e7addc) Importer(815301076,1909f56bfc062723c751e8b465ee728b)
Start importing Assets/UI - BUILDER/Source Files/Panels/Panels@2x-assets/CornerPanels/CornerPanelRadius_50px_Stroke_16px.png using Guid(7a5117e0bf3d55541b670aeb21e7addc) Importer(815301076,1909f56bfc062723c751e8b465ee728b)  -> (artifact id: '6e7a5210652dbdd31be97733521fc621') in 0.024624 seconds 
========================================================================
Received Import Request.
  Time since last request: 1.326864 seconds.
  path: Assets/UI - BUILDER/Source Files/Photography © beffio Tom Lassota/ColorEffects/Effect_1.png
  artifactKey: Guid(e00f25f8f38b371439c4cd475c4f88f7) Importer(815301076,1909f56bfc062723c751e8b465ee728b)
Start importing Assets/UI - BUILDER/Source Files/Photography © beffio Tom Lassota/ColorEffects/Effect_1.png using Guid(e00f25f8f38b371439c4cd475c4f88f7) Importer(815301076,1909f56bfc062723c751e8b465ee728b)  -> (artifact id: 'ab221cd5dd5d2c741fe4bdd1841b0b47') in 0.045235 seconds 
========================================================================
Received Import Request.
  Time since last request: 0.000075 seconds.
  path: Assets/UI - BUILDER/Source Files/Photography © beffio Tom Lassota/ColorEffects/Effect_2.png
  artifactKey: Guid(79465b05b9f8f6f4ebcf724e166deedb) Importer(815301076,1909f56bfc062723c751e8b465ee728b)
Start importing Assets/UI - BUILDER/Source Files/Photography © beffio Tom Lassota/ColorEffects/Effect_2.png using Guid(79465b05b9f8f6f4ebcf724e166deedb) Importer(815301076,1909f56bfc062723c751e8b465ee728b)  -> (artifact id: '5c6e25581a31d6866f94b9ef971b61d1') in 0.031944 seconds 
========================================================================
Received Import Request.
  Time since last request: 1.102199 seconds.
  path: Assets/UI - BUILDER/Source Files/Photography © beffio Tom Lassota/ColorEffects/Effect_7.png
  artifactKey: Guid(b9af916992f4833469a649df47201540) Importer(815301076,1909f56bfc062723c751e8b465ee728b)
Start importing Assets/UI - BUILDER/Source Files/Photography © beffio Tom Lassota/ColorEffects/Effect_7.png using Guid(b9af916992f4833469a649df47201540) Importer(815301076,1909f56bfc062723c751e8b465ee728b)  -> (artifact id: 'd0c974a0d59a6432ed5e9c7a3f42826f') in 0.033292 seconds 
========================================================================
Received Import Request.
  Time since last request: 0.000082 seconds.
  path: Assets/FlatCartoonGUI/psd/item/energy_background.psd
  artifactKey: Guid(04d249dbdbb7cfa489538820d20d47dd) Importer(815301076,1909f56bfc062723c751e8b465ee728b)
Start importing Assets/FlatCartoonGUI/psd/item/energy_background.psd using Guid(04d249dbdbb7cfa489538820d20d47dd) Importer(815301076,1909f56bfc062723c751e8b465ee728b)  -> (artifact id: '48b58f0065ce84157088db21a682b8d3') in 0.160611 seconds 
========================================================================
Received Import Request.
  Time since last request: 2.234885 seconds.
  path: Assets/FlatCartoonGUI/png/item/energy_orange.png
  artifactKey: Guid(4717eb7ead7f464479d88c957131689a) Importer(815301076,1909f56bfc062723c751e8b465ee728b)
Start importing Assets/FlatCartoonGUI/png/item/energy_orange.png using Guid(4717eb7ead7f464479d88c957131689a) Importer(815301076,1909f56bfc062723c751e8b465ee728b)  -> (artifact id: '615ee700868b36dd007d7b0a4d092e54') in 0.018897 seconds 
========================================================================
Received Import Request.
  Time since last request: 0.000084 seconds.
  path: Assets/FlatCartoonGUI/psd/item/energy_simple.psd
  artifactKey: Guid(bcbad49a5a53cf241a89b7010ac5f46c) Importer(815301076,1909f56bfc062723c751e8b465ee728b)
Start importing Assets/FlatCartoonGUI/psd/item/energy_simple.psd using Guid(bcbad49a5a53cf241a89b7010ac5f46c) Importer(815301076,1909f56bfc062723c751e8b465ee728b)  -> (artifact id: 'c85fcbd2212593f103974e0b6b44c59e') in 0.024881 seconds 
========================================================================
Received Import Request.
  Time since last request: 2.747753 seconds.
  path: Assets/FlatCartoonGUI/png/item/energy_simple_background_3.png
  artifactKey: Guid(912826905ef2d2448974a41af83e754d) Importer(815301076,1909f56bfc062723c751e8b465ee728b)
Start importing Assets/FlatCartoonGUI/png/item/energy_simple_background_3.png using Guid(912826905ef2d2448974a41af83e754d) Importer(815301076,1909f56bfc062723c751e8b465ee728b)  -> (artifact id: 'fc8400034079fcf952f82ca12e7f64d2') in 0.019067 seconds 
========================================================================
Received Import Request.
  Time since last request: 0.000077 seconds.
  path: Assets/FlatCartoonGUI/png/item/energy_simple_green.png
  artifactKey: Guid(95c92b19df6d4104cacd90e8dd8ff11f) Importer(815301076,1909f56bfc062723c751e8b465ee728b)
Start importing Assets/FlatCartoonGUI/png/item/energy_simple_green.png using Guid(95c92b19df6d4104cacd90e8dd8ff11f) Importer(815301076,1909f56bfc062723c751e8b465ee728b)  -> (artifact id: '220644211a9420fd1e75e24eddb122c3') in 0.018594 seconds 
========================================================================
Received Import Request.
  Time since last request: 0.000094 seconds.
  path: Assets/FlatCartoonGUI/png/item/energy_simple_blue.png
  artifactKey: Guid(afbca30d7a8e8354cb1832fea051bfdb) Importer(815301076,1909f56bfc062723c751e8b465ee728b)
Start importing Assets/FlatCartoonGUI/png/item/energy_simple_blue.png using Guid(afbca30d7a8e8354cb1832fea051bfdb) Importer(815301076,1909f56bfc062723c751e8b465ee728b)  -> (artifact id: '850a93b3489537de9f08b67d58e77fd2') in 0.017198 seconds 
========================================================================
Received Import Request.
  Time since last request: 1.117486 seconds.
  path: Assets/FlatCartoonGUI/png/item/energy_simple_white.png
  artifactKey: Guid(3dfa8b08caa57244f94565a2bedbb6ab) Importer(815301076,1909f56bfc062723c751e8b465ee728b)
Start importing Assets/FlatCartoonGUI/png/item/energy_simple_white.png using Guid(3dfa8b08caa57244f94565a2bedbb6ab) Importer(815301076,1909f56bfc062723c751e8b465ee728b)  -> (artifact id: '8bb4b1aca90b9937706a891324cda9dc') in 0.020525 seconds 
========================================================================
Received Import Request.
  Time since last request: 0.000079 seconds.
  path: Assets/FlatCartoonGUI/png/item/gem_green.png
  artifactKey: Guid(e7f71019cd61c3d42bb1b7490796d1b3) Importer(815301076,1909f56bfc062723c751e8b465ee728b)
Start importing Assets/FlatCartoonGUI/png/item/gem_green.png using Guid(e7f71019cd61c3d42bb1b7490796d1b3) Importer(815301076,1909f56bfc062723c751e8b465ee728b)  -> (artifact id: '917b1a517181bf2db3b8c00fc1f354ca') in 0.024304 seconds 
========================================================================
Received Import Request.
  Time since last request: 0.000060 seconds.
  path: Assets/FlatCartoonGUI/png/item/gem_gray.png
  artifactKey: Guid(3133d926b585429499c9f2de38f843df) Importer(815301076,1909f56bfc062723c751e8b465ee728b)
Start importing Assets/FlatCartoonGUI/png/item/gem_gray.png using Guid(3133d926b585429499c9f2de38f843df) Importer(815301076,1909f56bfc062723c751e8b465ee728b)  -> (artifact id: '7a2cdba37bcc264a1095280cb93d8ca0') in 0.024551 seconds 
========================================================================
Received Import Request.
  Time since last request: 0.000077 seconds.
  path: Assets/FlatCartoonGUI/png/item/gem_blue.png
  artifactKey: Guid(abe93e6298eaa0740a9c9d11f4e59e42) Importer(815301076,1909f56bfc062723c751e8b465ee728b)
Start importing Assets/FlatCartoonGUI/png/item/gem_blue.png using Guid(abe93e6298eaa0740a9c9d11f4e59e42) Importer(815301076,1909f56bfc062723c751e8b465ee728b)  -> (artifact id: '427c39316c4f69edbfe39f9e8c79a302') in 0.017120 seconds 
========================================================================
Received Import Request.
  Time since last request: 0.000082 seconds.
  path: Assets/FlatCartoonGUI/png/item/gem_simple_background_2.png
  artifactKey: Guid(04f5e09eb832506459d2eca96a8666c2) Importer(815301076,1909f56bfc062723c751e8b465ee728b)
Start importing Assets/FlatCartoonGUI/png/item/gem_simple_background_2.png using Guid(04f5e09eb832506459d2eca96a8666c2) Importer(815301076,1909f56bfc062723c751e8b465ee728b)  -> (artifact id: '991a85a64cc6b1b42249be7a27a4e21b') in 0.017174 seconds 
========================================================================
Received Import Request.
  Time since last request: 0.000080 seconds.
  path: Assets/FlatCartoonGUI/psd/item/gem_simple.psd
  artifactKey: Guid(60370657ceafb7840b92fb6a846c04e3) Importer(815301076,1909f56bfc062723c751e8b465ee728b)
Start importing Assets/FlatCartoonGUI/psd/item/gem_simple.psd using Guid(60370657ceafb7840b92fb6a846c04e3) Importer(815301076,1909f56bfc062723c751e8b465ee728b)  -> (artifact id: '62a4a718c60ecd9f6bc4eb5f269a0c7d') in 0.019274 seconds 
========================================================================
Received Import Request.
  Time since last request: 0.000104 seconds.
  path: Assets/FlatCartoonGUI/psd/item/gem_background.psd
  artifactKey: Guid(6ab451c8e5605b549ba6653fcf55328a) Importer(815301076,1909f56bfc062723c751e8b465ee728b)
Start importing Assets/FlatCartoonGUI/psd/item/gem_background.psd using Guid(6ab451c8e5605b549ba6653fcf55328a) Importer(815301076,1909f56bfc062723c751e8b465ee728b)  -> (artifact id: '7a4d9a2e04d6fb4b5c508842e9ec35e0') in 0.019606 seconds 
========================================================================
Received Import Request.
  Time since last request: 0.981754 seconds.
  path: Assets/FlatCartoonGUI/png/item/gem_simple_purple.png
  artifactKey: Guid(1e399c4972b636849b223b00fcd2c748) Importer(815301076,1909f56bfc062723c751e8b465ee728b)
Start importing Assets/FlatCartoonGUI/png/item/gem_simple_purple.png using Guid(1e399c4972b636849b223b00fcd2c748) Importer(815301076,1909f56bfc062723c751e8b465ee728b)  -> (artifact id: '09a4b6fcc1cfc57842688b24d9af5c83') in 0.017844 seconds 
========================================================================
Received Import Request.
  Time since last request: 0.000061 seconds.
  path: Assets/FlatCartoonGUI/png/item/gem_simple_white.png
  artifactKey: Guid(6048e24dc7598804e920b2db4582cb42) Importer(815301076,1909f56bfc062723c751e8b465ee728b)
Start importing Assets/FlatCartoonGUI/png/item/gem_simple_white.png using Guid(6048e24dc7598804e920b2db4582cb42) Importer(815301076,1909f56bfc062723c751e8b465ee728b)  -> (artifact id: '70724983ab4d56c95f17a4d667210492') in 0.019266 seconds 
========================================================================
Received Import Request.
  Time since last request: 1.074220 seconds.
  path: Assets/FlatCartoonGUI/psd/grid/grid_rectangle.psd
  artifactKey: Guid(678b97972d4787e4f92727d7ff184be2) Importer(815301076,1909f56bfc062723c751e8b465ee728b)
Start importing Assets/FlatCartoonGUI/psd/grid/grid_rectangle.psd using Guid(678b97972d4787e4f92727d7ff184be2) Importer(815301076,1909f56bfc062723c751e8b465ee728b)  -> (artifact id: '7c581f98ebf11d0b070107df2d6c310a') in 0.031953 seconds 
========================================================================
Received Import Request.
  Time since last request: 0.000075 seconds.
  path: Assets/FlatCartoonGUI/png/grid/grid_rectangle.png
  artifactKey: Guid(f3945e5b1ac52d040a3533798a83a28e) Importer(815301076,1909f56bfc062723c751e8b465ee728b)
Start importing Assets/FlatCartoonGUI/png/grid/grid_rectangle.png using Guid(f3945e5b1ac52d040a3533798a83a28e) Importer(815301076,1909f56bfc062723c751e8b465ee728b)  -> (artifact id: 'd0f1765f9b624ed9a247c8f9ccbb47b6') in 0.029010 seconds 
========================================================================
Received Import Request.
  Time since last request: 1.162313 seconds.
  path: Assets/FlatCartoonGUI/png/icon/icon_128/icon_128_5.png
  artifactKey: Guid(a8d6442f8af75f643b6acec5601df37e) Importer(815301076,1909f56bfc062723c751e8b465ee728b)
Start importing Assets/FlatCartoonGUI/png/icon/icon_128/icon_128_5.png using Guid(a8d6442f8af75f643b6acec5601df37e) Importer(815301076,1909f56bfc062723c751e8b465ee728b)  -> (artifact id: 'f55cf96d335739b72c5ed9e65f8e656b') in 0.016972 seconds 
========================================================================
Received Import Request.
  Time since last request: 0.000139 seconds.
  path: Assets/FlatCartoonGUI/png/icon/icon_128/icon_128_15.png
  artifactKey: Guid(66dad205d2721ef4bb0a383ecd4b6aec) Importer(815301076,1909f56bfc062723c751e8b465ee728b)
Start importing Assets/FlatCartoonGUI/png/icon/icon_128/icon_128_15.png using Guid(66dad205d2721ef4bb0a383ecd4b6aec) Importer(815301076,1909f56bfc062723c751e8b465ee728b)  -> (artifact id: '10ef54d4b76744bd3854be664cf6dfd6') in 0.016745 seconds 
========================================================================
Received Import Request.
  Time since last request: 0.000076 seconds.
  path: Assets/FlatCartoonGUI/png/icon/icon_128/icon_128_10.png
  artifactKey: Guid(f10109e3bc0127a4eb37c94135c8f1d2) Importer(815301076,1909f56bfc062723c751e8b465ee728b)
Start importing Assets/FlatCartoonGUI/png/icon/icon_128/icon_128_10.png using Guid(f10109e3bc0127a4eb37c94135c8f1d2) Importer(815301076,1909f56bfc062723c751e8b465ee728b)  -> (artifact id: '0c379587e471bc962abdf6a77e84b7b7') in 0.016317 seconds 
========================================================================
Received Import Request.
  Time since last request: 0.000072 seconds.
  path: Assets/FlatCartoonGUI/png/icon/icon_128/icon_128_16.png
  artifactKey: Guid(a2131639eee70b74d9eea4f47143aae0) Importer(815301076,1909f56bfc062723c751e8b465ee728b)
Start importing Assets/FlatCartoonGUI/png/icon/icon_128/icon_128_16.png using Guid(a2131639eee70b74d9eea4f47143aae0) Importer(815301076,1909f56bfc062723c751e8b465ee728b)  -> (artifact id: 'a7793139f45e249e6c29759f2e1f05a0') in 0.019266 seconds 
========================================================================
Received Import Request.
  Time since last request: 0.000088 seconds.
  path: Assets/FlatCartoonGUI/png/icon/icon_128/icon_128_14.png
  artifactKey: Guid(3a41a8a0c7b091d47ab37ca11e1226b2) Importer(815301076,1909f56bfc062723c751e8b465ee728b)
Start importing Assets/FlatCartoonGUI/png/icon/icon_128/icon_128_14.png using Guid(3a41a8a0c7b091d47ab37ca11e1226b2) Importer(815301076,1909f56bfc062723c751e8b465ee728b)  -> (artifact id: '52cc3f2531a4d21f99fa053c64cda403') in 0.013872 seconds 
========================================================================
Received Import Request.
  Time since last request: 1.208509 seconds.
  path: Assets/FlatCartoonGUI/png/icon/icon_128/icon_128_19.png
  artifactKey: Guid(5ce269626d5c0ef4b820cc83570609f9) Importer(815301076,1909f56bfc062723c751e8b465ee728b)
Start importing Assets/FlatCartoonGUI/png/icon/icon_128/icon_128_19.png using Guid(5ce269626d5c0ef4b820cc83570609f9) Importer(815301076,1909f56bfc062723c751e8b465ee728b)  -> (artifact id: 'aea5806d13a184d1c3562089042794e3') in 0.014451 seconds 
========================================================================
Received Import Request.
  Time since last request: 0.000080 seconds.
  path: Assets/FlatCartoonGUI/png/icon/icon_128/icon_128_22.png
  artifactKey: Guid(c8032eb472e0d4e4e8065d1812f23e06) Importer(815301076,1909f56bfc062723c751e8b465ee728b)
Start importing Assets/FlatCartoonGUI/png/icon/icon_128/icon_128_22.png using Guid(c8032eb472e0d4e4e8065d1812f23e06) Importer(815301076,1909f56bfc062723c751e8b465ee728b)  -> (artifact id: 'c250d4912eeaaafc40b8f2dc97a31d38') in 0.016337 seconds 
========================================================================
Received Import Request.
  Time since last request: 0.000064 seconds.
  path: Assets/FlatCartoonGUI/png/icon/icon_128/icon_128_21.png
  artifactKey: Guid(b9fa6deba287aa2429f2ed207edaf690) Importer(815301076,1909f56bfc062723c751e8b465ee728b)
Start importing Assets/FlatCartoonGUI/png/icon/icon_128/icon_128_21.png using Guid(b9fa6deba287aa2429f2ed207edaf690) Importer(815301076,1909f56bfc062723c751e8b465ee728b)  -> (artifact id: '517c133b55d8b97880b5a8c03b71ad57') in 0.019330 seconds 
========================================================================
Received Import Request.
  Time since last request: 1.180412 seconds.
  path: Assets/FlatCartoonGUI/png/icon/icon_128/icon_128_26.png
  artifactKey: Guid(6fd2dfc32f0234c4cb5dd00faf64c250) Importer(815301076,1909f56bfc062723c751e8b465ee728b)
Start importing Assets/FlatCartoonGUI/png/icon/icon_128/icon_128_26.png using Guid(6fd2dfc32f0234c4cb5dd00faf64c250) Importer(815301076,1909f56bfc062723c751e8b465ee728b)  -> (artifact id: '8041147de4a04d6e66fb0c8ef0c88eef') in 0.014791 seconds 
========================================================================
Received Import Request.
  Time since last request: 0.000091 seconds.
  path: Assets/FlatCartoonGUI/png/icon/icon_128/icon_128_29.png
  artifactKey: Guid(8a233da6be01a4a43858710a3656153a) Importer(815301076,1909f56bfc062723c751e8b465ee728b)
Start importing Assets/FlatCartoonGUI/png/icon/icon_128/icon_128_29.png using Guid(8a233da6be01a4a43858710a3656153a) Importer(815301076,1909f56bfc062723c751e8b465ee728b)  -> (artifact id: '0af2832abd8ad1ff4ee707693dc137b8') in 0.019567 seconds 
========================================================================
Received Import Request.
  Time since last request: 0.000160 seconds.
  path: Assets/FlatCartoonGUI/png/icon/icon_128/icon_128_28.png
  artifactKey: Guid(c03635c6edbebe04d95bb17a1d91c06c) Importer(815301076,1909f56bfc062723c751e8b465ee728b)
Start importing Assets/FlatCartoonGUI/png/icon/icon_128/icon_128_28.png using Guid(c03635c6edbebe04d95bb17a1d91c06c) Importer(815301076,1909f56bfc062723c751e8b465ee728b)  -> (artifact id: '94bf62683778d801c820cdd6fa01b868') in 0.014543 seconds 
========================================================================
Received Import Request.
  Time since last request: 3.625517 seconds.
  path: Assets/FlatCartoonGUI/png/icon/icon_128/icon_128_33.png
  artifactKey: Guid(6c0193d846336644285c075e8ac9714f) Importer(815301076,1909f56bfc062723c751e8b465ee728b)
Start importing Assets/FlatCartoonGUI/png/icon/icon_128/icon_128_33.png using Guid(6c0193d846336644285c075e8ac9714f) Importer(815301076,1909f56bfc062723c751e8b465ee728b)  -> (artifact id: '65d2dec1e46963e40ae52cce95c10c42') in 0.014864 seconds 
========================================================================
Received Import Request.
  Time since last request: 0.000081 seconds.
  path: Assets/FlatCartoonGUI/png/icon/icon_128/icon_128_35.png
  artifactKey: Guid(0499a15a104be81468543049974ba25b) Importer(815301076,1909f56bfc062723c751e8b465ee728b)
Start importing Assets/FlatCartoonGUI/png/icon/icon_128/icon_128_35.png using Guid(0499a15a104be81468543049974ba25b) Importer(815301076,1909f56bfc062723c751e8b465ee728b)  -> (artifact id: 'c19f06077a3017040754f8d085fedc5f') in 0.019287 seconds 
========================================================================
Received Import Request.
  Time since last request: 0.000079 seconds.
  path: Assets/FlatCartoonGUI/png/icon/icon_128/icon_128_34.png
  artifactKey: Guid(0abf5430dbe4f53408453ec46c702412) Importer(815301076,1909f56bfc062723c751e8b465ee728b)
Start importing Assets/FlatCartoonGUI/png/icon/icon_128/icon_128_34.png using Guid(0abf5430dbe4f53408453ec46c702412) Importer(815301076,1909f56bfc062723c751e8b465ee728b)  -> (artifact id: '803b691169e5e70e826eb9536d256cf6') in 0.014339 seconds 
========================================================================
Received Import Request.
  Time since last request: 2.016197 seconds.
  path: Assets/FlatCartoonGUI/png/icon/icon_128/icon_128_40.png
  artifactKey: Guid(f5cfdbb2f6269204d95e2c899f5f8daa) Importer(815301076,1909f56bfc062723c751e8b465ee728b)
Start importing Assets/FlatCartoonGUI/png/icon/icon_128/icon_128_40.png using Guid(f5cfdbb2f6269204d95e2c899f5f8daa) Importer(815301076,1909f56bfc062723c751e8b465ee728b)  -> (artifact id: '25a536fcdef7b1cd08100517289f6c7a') in 0.019712 seconds 
========================================================================
Received Import Request.
  Time since last request: 0.000064 seconds.
  path: Assets/FlatCartoonGUI/png/icon/icon_128/icon_128_41.png
  artifactKey: Guid(97905dcad06e6ac4b9da407bfcb6c67a) Importer(815301076,1909f56bfc062723c751e8b465ee728b)
Start importing Assets/FlatCartoonGUI/png/icon/icon_128/icon_128_41.png using Guid(97905dcad06e6ac4b9da407bfcb6c67a) Importer(815301076,1909f56bfc062723c751e8b465ee728b)  -> (artifact id: '3d488199399ae942a177e828138a0d81') in 0.023686 seconds 
========================================================================
Received Import Request.
  Time since last request: 1.873032 seconds.
  path: Assets/FlatCartoonGUI/png/icon/icon_128/icon_128_47.png
  artifactKey: Guid(3d951b1a02d95ba4483d723b059a41ad) Importer(815301076,1909f56bfc062723c751e8b465ee728b)
Start importing Assets/FlatCartoonGUI/png/icon/icon_128/icon_128_47.png using Guid(3d951b1a02d95ba4483d723b059a41ad) Importer(815301076,1909f56bfc062723c751e8b465ee728b)  -> (artifact id: '7041ec09b49540430d0b8aa8cc08333a') in 0.015396 seconds 
========================================================================
Received Import Request.
  Time since last request: 0.000082 seconds.
  path: Assets/FlatCartoonGUI/png/icon/icon_128/icon_128_49.png
  artifactKey: Guid(772b606e7dff3d54da6be881982f1005) Importer(815301076,1909f56bfc062723c751e8b465ee728b)
Start importing Assets/FlatCartoonGUI/png/icon/icon_128/icon_128_49.png using Guid(772b606e7dff3d54da6be881982f1005) Importer(815301076,1909f56bfc062723c751e8b465ee728b)  -> (artifact id: 'b4f66a5a7916dbd33160662a376ebab5') in 0.019526 seconds 
========================================================================
Received Import Request.
  Time since last request: 7.194537 seconds.
  path: Assets/UI - BUILDER/Source Files/Icons/Icons@2x-assets/Media/MediaIcon_18.png
  artifactKey: Guid(5f8f396d5f2a0c04e9b89cb315da2c6b) Importer(815301076,1909f56bfc062723c751e8b465ee728b)
Start importing Assets/UI - BUILDER/Source Files/Icons/Icons@2x-assets/Media/MediaIcon_18.png using Guid(5f8f396d5f2a0c04e9b89cb315da2c6b) Importer(815301076,1909f56bfc062723c751e8b465ee728b)  -> (artifact id: '2032b7374329ffcc07a8286755eb932e') in 0.016506 seconds 
========================================================================
Received Import Request.
  Time since last request: 0.000113 seconds.
  path: Assets/UI - BUILDER/Source Files/Icons/Icons@4x-assets/Navigation/NaviIcon_18.png
  artifactKey: Guid(aaf3d8ae74d4ce444939504db7202bc9) Importer(815301076,1909f56bfc062723c751e8b465ee728b)
Start importing Assets/UI - BUILDER/Source Files/Icons/Icons@4x-assets/Navigation/NaviIcon_18.png using Guid(aaf3d8ae74d4ce444939504db7202bc9) Importer(815301076,1909f56bfc062723c751e8b465ee728b)  -> (artifact id: 'b92ee8223e61f771bf831dc94c20bc11') in 0.048792 seconds 
========================================================================
Received Import Request.
  Time since last request: 0.000108 seconds.
  path: Assets/UI - BUILDER/Source Files/Icons/Icons@2x-assets/Navigation/NaviIcon_18.png
  artifactKey: Guid(34c60bc01d9a00b4aaf9a0abecdf0648) Importer(815301076,1909f56bfc062723c751e8b465ee728b)
Start importing Assets/UI - BUILDER/Source Files/Icons/Icons@2x-assets/Navigation/NaviIcon_18.png using Guid(34c60bc01d9a00b4aaf9a0abecdf0648) Importer(815301076,1909f56bfc062723c751e8b465ee728b)  -> (artifact id: '87cfd47b3a20d37b77d06639e437f93a') in 0.014395 seconds 
========================================================================
Received Import Request.
  Time since last request: 136.351168 seconds.
  path: Assets/FlatCartoonGUI/uinty_demo
  artifactKey: Guid(9c0e526a174bbbc458832fcd78e67441) Importer(815301076,1909f56bfc062723c751e8b465ee728b)
Start importing Assets/FlatCartoonGUI/uinty_demo using Guid(9c0e526a174bbbc458832fcd78e67441) Importer(815301076,1909f56bfc062723c751e8b465ee728b)  -> (artifact id: '1d7196b1c7adba7a684790f0ad025399') in 0.000801 seconds 
========================================================================
Received Import Request.
  Time since last request: 10.126463 seconds.
  path: Assets/Simple Town Pack/Prefabs/car_blue.prefab
  artifactKey: Guid(3c08aff2ef951194b8925cdded7ec3b8) Importer(815301076,1909f56bfc062723c751e8b465ee728b)
Start importing Assets/Simple Town Pack/Prefabs/car_blue.prefab using Guid(3c08aff2ef951194b8925cdded7ec3b8) Importer(815301076,1909f56bfc062723c751e8b465ee728b) WARNING: RGBA Compressed ASTC6X6 UNorm format is not supported, decompressing texture
 -> (artifact id: '381c5beafb5bc8cbd6bcd0e8b6f4ed91') in 0.232650 seconds 
========================================================================
Received Import Request.
  Time since last request: 0.000146 seconds.
  path: Assets/Simple Town Pack/Models/car_mesh.fbx
  artifactKey: Guid(af4878fa6956aaf4f8de9982324f692a) Importer(815301076,1909f56bfc062723c751e8b465ee728b)
Start importing Assets/Simple Town Pack/Models/car_mesh.fbx using Guid(af4878fa6956aaf4f8de9982324f692a) Importer(815301076,1909f56bfc062723c751e8b465ee728b)  -> (artifact id: 'fbc96a8712571277b060b833b1befe68') in 0.148549 seconds 
========================================================================
Received Import Request.
  Time since last request: 0.000093 seconds.
  path: Assets/Simple Town Pack/Prefabs/car_green.prefab
  artifactKey: Guid(d09a964ced5836b4ebb7952b3c62fd84) Importer(815301076,1909f56bfc062723c751e8b465ee728b)
Start importing Assets/Simple Town Pack/Prefabs/car_green.prefab using Guid(d09a964ced5836b4ebb7952b3c62fd84) Importer(815301076,1909f56bfc062723c751e8b465ee728b) WARNING: RGBA Compressed ASTC6X6 UNorm format is not supported, decompressing texture
 -> (artifact id: 'd6ff142e376771731cb7c0efe8dfa28c') in 0.016358 seconds 
========================================================================
Received Import Request.
  Time since last request: 0.000098 seconds.
  path: Assets/Simple Town Pack/Prefabs/car_seperate_red.prefab
  artifactKey: Guid(5b69181328a5a694ebaf8a384abaffc2) Importer(815301076,1909f56bfc062723c751e8b465ee728b)
Start importing Assets/Simple Town Pack/Prefabs/car_seperate_red.prefab using Guid(5b69181328a5a694ebaf8a384abaffc2) Importer(815301076,1909f56bfc062723c751e8b465ee728b) WARNING: RGBA Compressed ASTC6X6 UNorm format is not supported, decompressing texture
 -> (artifact id: 'c3174047eaad8df6319c65e81947b046') in 0.042154 seconds 
========================================================================
Received Import Request.
  Time since last request: 0.000068 seconds.
  path: Assets/PolygonTown/Models/CollisionConvex/SM_Env_Plant_Carrot_01_Convex.asset
  artifactKey: Guid(177529699361f5043a37f532da530c7c) Importer(815301076,1909f56bfc062723c751e8b465ee728b)
Start importing Assets/PolygonTown/Models/CollisionConvex/SM_Env_Plant_Carrot_01_Convex.asset using Guid(177529699361f5043a37f532da530c7c) Importer(815301076,1909f56bfc062723c751e8b465ee728b)  -> (artifact id: '7995f180ff3c68f65da05870ac345f5c') in 0.097546 seconds 
========================================================================
Received Import Request.
  Time since last request: 0.000101 seconds.
  path: Assets/PolygonCity/Models/SM_Prop_CarboardBox_02.fbx
  artifactKey: Guid(3d7a5f734b5844547aed9a0d62f1d8e1) Importer(815301076,1909f56bfc062723c751e8b465ee728b)
Start importing Assets/PolygonCity/Models/SM_Prop_CarboardBox_02.fbx using Guid(3d7a5f734b5844547aed9a0d62f1d8e1) Importer(815301076,1909f56bfc062723c751e8b465ee728b)  -> (artifact id: '8f67370b6f9d54b2b0d44215a621de92') in 0.023325 seconds 
========================================================================
Received Import Request.
  Time since last request: 0.003636 seconds.
  path: Assets/Simple Town Pack/Prefabs/car_seperate_green.prefab
  artifactKey: Guid(059fdf75fe518a443ac7cdf212dee7dc) Importer(815301076,1909f56bfc062723c751e8b465ee728b)
Start importing Assets/Simple Town Pack/Prefabs/car_seperate_green.prefab using Guid(059fdf75fe518a443ac7cdf212dee7dc) Importer(815301076,1909f56bfc062723c751e8b465ee728b) WARNING: RGBA Compressed ASTC6X6 UNorm format is not supported, decompressing texture
 -> (artifact id: '2850837e1f561c648f6752fb7325f1bf') in 0.015848 seconds 
========================================================================
Received Import Request.
  Time since last request: 0.000554 seconds.
  path: Assets/Simple Town Pack/Prefabs/car_seperate_blue.prefab
  artifactKey: Guid(72960b9b4c20f554b9cffbbe24f21592) Importer(815301076,1909f56bfc062723c751e8b465ee728b)
Start importing Assets/Simple Town Pack/Prefabs/car_seperate_blue.prefab using Guid(72960b9b4c20f554b9cffbbe24f21592) Importer(815301076,1909f56bfc062723c751e8b465ee728b) WARNING: RGBA Compressed ASTC6X6 UNorm format is not supported, decompressing texture
 -> (artifact id: '7feb0feb85a5a8268954cfda4ae0a387') in 0.016787 seconds 
========================================================================
Received Import Request.
  Time since last request: 0.629172 seconds.
  path: Assets/PolygonCity/Models/Collisions/SM_Prop_CarboardBox_03_Convex.asset
  artifactKey: Guid(16be898bd2ea17645b0aa9e5614171a6) Importer(815301076,1909f56bfc062723c751e8b465ee728b)
Start importing Assets/PolygonCity/Models/Collisions/SM_Prop_CarboardBox_03_Convex.asset using Guid(16be898bd2ea17645b0aa9e5614171a6) Importer(815301076,1909f56bfc062723c751e8b465ee728b)  -> (artifact id: '22e77a631e6b4928b93737a3d236195d') in 0.013058 seconds 
========================================================================
Received Import Request.
  Time since last request: 0.000066 seconds.
  path: Assets/PolygonCity/Models/SM_Prop_CarboardBox_04.fbx
  artifactKey: Guid(85d7bb05d092af74db07798e0264e75e) Importer(815301076,1909f56bfc062723c751e8b465ee728b)
Start importing Assets/PolygonCity/Models/SM_Prop_CarboardBox_04.fbx using Guid(85d7bb05d092af74db07798e0264e75e) Importer(815301076,1909f56bfc062723c751e8b465ee728b)  -> (artifact id: '9cd105288a57cb384a9f55856eb2bc99') in 0.016596 seconds 
========================================================================
Received Import Request.
  Time since last request: 0.057611 seconds.
  path: Assets/PolygonGangWarfare/Models/SM_Prop_CardboardBox_01.fbx
  artifactKey: Guid(941ecd3c1cc23f4469a6c991deccdf51) Importer(815301076,1909f56bfc062723c751e8b465ee728b)
Start importing Assets/PolygonGangWarfare/Models/SM_Prop_CardboardBox_01.fbx using Guid(941ecd3c1cc23f4469a6c991deccdf51) Importer(815301076,1909f56bfc062723c751e8b465ee728b)  -> (artifact id: 'ab31981ef6fd31be8d9627b4c21aae6e') in 0.019293 seconds 
========================================================================
Received Import Request.
  Time since last request: 0.135392 seconds.
  path: Assets/PolygonTown/Models/Props/SM_Prop_CardboardBox_01.fbx
  artifactKey: Guid(6dc5523503583ba40b56508924ffc4e5) Importer(815301076,1909f56bfc062723c751e8b465ee728b)
Start importing Assets/PolygonTown/Models/Props/SM_Prop_CardboardBox_01.fbx using Guid(6dc5523503583ba40b56508924ffc4e5) Importer(815301076,1909f56bfc062723c751e8b465ee728b)  -> (artifact id: 'eace94c362024843da9453639fff9437') in 0.016892 seconds 
========================================================================
Received Import Request.
  Time since last request: 0.000065 seconds.
  path: Assets/PolygonCity/Prefabs/Props/SM_Prop_CardboardBox_01.prefab
  artifactKey: Guid(87c2df8e665f8664e932718fcf85c0b2) Importer(815301076,1909f56bfc062723c751e8b465ee728b)
Start importing Assets/PolygonCity/Prefabs/Props/SM_Prop_CardboardBox_01.prefab using Guid(87c2df8e665f8664e932718fcf85c0b2) Importer(815301076,1909f56bfc062723c751e8b465ee728b) WARNING: RGBA Compressed ASTC6X6 UNorm format is not supported, decompressing texture
WARNING: RGBA Compressed ASTC6X6 UNorm format is not supported, decompressing texture
WARNING: RGBA Compressed ASTC6X6 UNorm format is not supported, decompressing texture
 -> (artifact id: 'd089b6ad1f19c59c9d97a8ae58bb6dcd') in 0.070594 seconds 
========================================================================
Received Import Request.
  Time since last request: 0.059036 seconds.
  path: Assets/PolygonGangWarfare/Models/SM_Prop_CardboardBox_01_Convex.asset
  artifactKey: Guid(edc63231e6edcdd4199294b9c4899255) Importer(815301076,1909f56bfc062723c751e8b465ee728b)
Start importing Assets/PolygonGangWarfare/Models/SM_Prop_CardboardBox_01_Convex.asset using Guid(edc63231e6edcdd4199294b9c4899255) Importer(815301076,1909f56bfc062723c751e8b465ee728b)  -> (artifact id: 'cf128ed8462a2ca816a8e908dccb5a09') in 0.013151 seconds 
========================================================================
Received Import Request.
  Time since last request: 0.000087 seconds.
  path: Assets/PolygonTown/Models/CollisionConvex/SM_Prop_CardboardBox_01_Convex.asset
  artifactKey: Guid(a3c3495a7f94713409b0689c8945a1d8) Importer(815301076,1909f56bfc062723c751e8b465ee728b)
Start importing Assets/PolygonTown/Models/CollisionConvex/SM_Prop_CardboardBox_01_Convex.asset using Guid(a3c3495a7f94713409b0689c8945a1d8) Importer(815301076,1909f56bfc062723c751e8b465ee728b)  -> (artifact id: 'aa23bf0abb732c5e937c80a64e6bfedd') in 0.012285 seconds 
========================================================================
Received Import Request.
  Time since last request: 0.000100 seconds.
  path: Assets/PolygonGangWarfare/Prefabs/Props/SM_Prop_CardboardBox_02.prefab
  artifactKey: Guid(7b44952b9d480d94aa87723288609f55) Importer(815301076,1909f56bfc062723c751e8b465ee728b)
Start importing Assets/PolygonGangWarfare/Prefabs/Props/SM_Prop_CardboardBox_02.prefab using Guid(7b44952b9d480d94aa87723288609f55) Importer(815301076,1909f56bfc062723c751e8b465ee728b) WARNING: RGBA Compressed ASTC6X6 UNorm format is not supported, decompressing texture
WARNING: RGBA Compressed ASTC6X6 UNorm format is not supported, decompressing texture
 -> (artifact id: 'ce0e1f7246e2fdc042eefa436760820e') in 0.094453 seconds 
========================================================================
Received Import Request.
  Time since last request: 5.580842 seconds.
  path: Assets/PolygonGangWarfare/Models/SM_Prop_CardboardBox_02_Convex.asset
  artifactKey: Guid(80f5f271d65e5064987a97af2d04c339) Importer(815301076,1909f56bfc062723c751e8b465ee728b)
Start importing Assets/PolygonGangWarfare/Models/SM_Prop_CardboardBox_02_Convex.asset using Guid(80f5f271d65e5064987a97af2d04c339) Importer(815301076,1909f56bfc062723c751e8b465ee728b)  -> (artifact id: '1c330a0bba2236e7bd03c9170ca25b57') in 0.010777 seconds 
========================================================================
Received Import Request.
  Time since last request: 0.009448 seconds.
  path: Assets/PolygonTown/Models/CollisionConvex/SM_Prop_CardboardBox_02_Convex.asset
  artifactKey: Guid(d2900c3f9906f9741b8bf0ff4bf39582) Importer(815301076,1909f56bfc062723c751e8b465ee728b)
Start importing Assets/PolygonTown/Models/CollisionConvex/SM_Prop_CardboardBox_02_Convex.asset using Guid(d2900c3f9906f9741b8bf0ff4bf39582) Importer(815301076,1909f56bfc062723c751e8b465ee728b)  -> (artifact id: '1c53bbf7ec5c2349162f58bba0169929') in 0.010776 seconds 
========================================================================
Received Import Request.
  Time since last request: 0.500533 seconds.
  path: Assets/PolygonTown/Prefabs/Props/SM_Prop_CardboardBox_03.prefab
  artifactKey: Guid(3ad8a79aa34ec764885be45c25593d3d) Importer(815301076,1909f56bfc062723c751e8b465ee728b)
Start importing Assets/PolygonTown/Prefabs/Props/SM_Prop_CardboardBox_03.prefab using Guid(3ad8a79aa34ec764885be45c25593d3d) Importer(815301076,1909f56bfc062723c751e8b465ee728b) WARNING: RGBA Compressed ASTC6X6 UNorm format is not supported, decompressing texture
WARNING: RGBA Compressed ASTC6X6 UNorm format is not supported, decompressing texture
WARNING: RGBA Compressed ASTC6X6 UNorm format is not supported, decompressing texture
WARNING: RGBA Compressed ASTC6X6 UNorm format is not supported, decompressing texture
 -> (artifact id: 'f110b02f8d727531c3517dd0863b61b8') in 0.127733 seconds 
========================================================================
Received Import Request.
  Time since last request: 0.404016 seconds.
  path: Assets/PolygonGangWarfare/Models/SM_Prop_CardboardBox_03_Convex.asset
  artifactKey: Guid(edeb954d39ceeaa45bd736353ecaafe0) Importer(815301076,1909f56bfc062723c751e8b465ee728b)
Start importing Assets/PolygonGangWarfare/Models/SM_Prop_CardboardBox_03_Convex.asset using Guid(edeb954d39ceeaa45bd736353ecaafe0) Importer(815301076,1909f56bfc062723c751e8b465ee728b)  -> (artifact id: 'a5a10fbc327e6cdd3363ade018917ab7') in 0.012476 seconds 
========================================================================
Received Import Request.
  Time since last request: 0.119005 seconds.
  path: Assets/PolygonCity/Prefabs/Props/SM_Prop_CardboardBox_04.prefab
  artifactKey: Guid(2ecc0b496791eed43906204037035d18) Importer(815301076,1909f56bfc062723c751e8b465ee728b)
Start importing Assets/PolygonCity/Prefabs/Props/SM_Prop_CardboardBox_04.prefab using Guid(2ecc0b496791eed43906204037035d18) Importer(815301076,1909f56bfc062723c751e8b465ee728b) WARNING: RGBA Compressed ASTC6X6 UNorm format is not supported, decompressing texture
WARNING: RGBA Compressed ASTC6X6 UNorm format is not supported, decompressing texture
WARNING: RGBA Compressed ASTC6X6 UNorm format is not supported, decompressing texture
 -> (artifact id: '3bbff1de353a8e142e47cd04d1d7b7c3') in 0.060400 seconds 
========================================================================
Received Import Request.
  Time since last request: 0.433092 seconds.
  path: Assets/PolygonTown/Models/Props/SM_Prop_CardboardBox_05.fbx
  artifactKey: Guid(8da3a33c3b324c14f9910ed94907e964) Importer(815301076,1909f56bfc062723c751e8b465ee728b)
Start importing Assets/PolygonTown/Models/Props/SM_Prop_CardboardBox_05.fbx using Guid(8da3a33c3b324c14f9910ed94907e964) Importer(815301076,1909f56bfc062723c751e8b465ee728b)  -> (artifact id: '8463bed1af4b36b99892445cb56831cb') in 0.018210 seconds 
========================================================================
Received Import Request.
  Time since last request: 1.061202 seconds.
  path: Assets/PolygonGangWarfare/Models/SM_Prop_CardboardBox_Open_02.fbx
  artifactKey: Guid(a287ed00fd5fed34895e39db8c2fad0e) Importer(815301076,1909f56bfc062723c751e8b465ee728b)
Start importing Assets/PolygonGangWarfare/Models/SM_Prop_CardboardBox_Open_02.fbx using Guid(a287ed00fd5fed34895e39db8c2fad0e) Importer(815301076,1909f56bfc062723c751e8b465ee728b)  -> (artifact id: '24ac51e9df6bb303fa75ebddeda9735e') in 0.020326 seconds 
Editor requested this worker to shutdown with reason: Scaling down because of idle timeout
AssetImportWorker is now disconnected from the server
Process exiting
