Unity Editor version:    2021.2.13f1 (90b6766da538)
Branch:                  2021.2/staging
Build type:              Release
Batch mode:              YES
macOS version:           Version 12.4 (Build 21F79)
Darwin version:          21.5.0
Architecture:            x86_64
Running under Rosetta:   NO
Available memory:        16384 MB
Using pre-set license
Pro License: YES

COMMAND LINE ARGUMENTS:
/Applications/2021.2.13f1/Unity.app/Contents/MacOS/Unity
-adb2
-batchMode
-noUpm
-name
AssetImportWorker5
-projectPath
/Users/macbookpro1/Documents/TrafficProject
-logFile
Logs/AssetImportWorker5.log
-srvPort
49368
Successfully changed project path to: /Users/macbookpro1/Documents/TrafficProject
/Users/macbookpro1/Documents/TrafficProject
[UnityMemory] Configuration Parameters - Can be set up in boot.config
    "memorysetup-bucket-allocator-granularity=16"
    "memorysetup-bucket-allocator-bucket-count=8"
    "memorysetup-bucket-allocator-block-size=33554432"
    "memorysetup-bucket-allocator-block-count=8"
    "memorysetup-main-allocator-block-size=16777216"
    "memorysetup-thread-allocator-block-size=16777216"
    "memorysetup-gfx-main-allocator-block-size=16777216"
    "memorysetup-gfx-thread-allocator-block-size=16777216"
    "memorysetup-cache-allocator-block-size=4194304"
    "memorysetup-typetree-allocator-block-size=2097152"
    "memorysetup-profiler-bucket-allocator-granularity=16"
    "memorysetup-profiler-bucket-allocator-bucket-count=8"
    "memorysetup-profiler-bucket-allocator-block-size=33554432"
    "memorysetup-profiler-bucket-allocator-block-count=8"
    "memorysetup-profiler-allocator-block-size=16777216"
    "memorysetup-profiler-editor-allocator-block-size=1048576"
    "memorysetup-temp-allocator-size-main=16777216"
    "memorysetup-job-temp-allocator-block-size=2097152"
    "memorysetup-job-temp-allocator-block-size-background=1048576"
    "memorysetup-job-temp-allocator-reduction-small-platforms=262144"
    "memorysetup-temp-allocator-size-background-worker=32768"
    "memorysetup-temp-allocator-size-job-worker=262144"
    "memorysetup-temp-allocator-size-preload-manager=33554432"
    "memorysetup-temp-allocator-size-nav-mesh-worker=65536"
    "memorysetup-temp-allocator-size-audio-worker=65536"
    "memorysetup-temp-allocator-size-cloud-worker=32768"
    "memorysetup-temp-allocator-size-gi-baking-worker=262144"
    "memorysetup-temp-allocator-size-gfx=262144"
Refreshing native plugins compatible for Editor in 219.69 ms, found 3 plugins.
Preloading 0 native plugins for Editor in 0.00 ms.
Initialize engine version: 2021.2.13f1 (90b6766da538)
[Subsystems] Discovering subsystems at path /Applications/2021.2.13f1/Unity.app/Contents/Resources/UnitySubsystems
[Subsystems] Discovering subsystems at path /Users/macbookpro1/Documents/TrafficProject/Assets
GfxDevice: creating device client; threaded=0; jobified=0
LG HDR WQHD preferred device: AMD Radeon Pro 560X (high power)
Metal devices available: 2
0: AMD Radeon Pro 560X (high power)
1: Intel(R) UHD Graphics 630 (low power)
Using device AMD Radeon Pro 560X (high power)
Initializing Metal device caps: AMD Radeon Pro 560X
Initialize mono
Mono path[0] = '/Applications/2021.2.13f1/Unity.app/Contents/Managed'
Mono path[1] = '/Applications/2021.2.13f1/Unity.app/Contents/MonoBleedingEdge/lib/mono/unityjit-macos'
Mono config path = '/Applications/2021.2.13f1/Unity.app/Contents/MonoBleedingEdge/etc'
Using monoOptions --debugger-agent=transport=dt_socket,embedding=1,server=y,suspend=n,address=127.0.0.1:56967
Begin MonoManager ReloadAssembly
Registering precompiled unity dll's ...
Register platform support module: /Applications/2021.2.13f1/Unity.app/Contents/PlaybackEngines/MacStandaloneSupport/UnityEditor.OSXStandalone.Extensions.dll
Register platform support module: /Applications/2021.2.13f1/PlaybackEngines/AndroidPlayer/UnityEditor.Android.Extensions.dll
Register platform support module: /Applications/2021.2.13f1/PlaybackEngines/iOSSupport/UnityEditor.iOS.Extensions.dll
Registered in 0.003818 seconds.
[usbmuxd] Start listen thread
[usbmuxd] Listen thread started
[usbmuxd] Send listen message
Native extension for iOS target not found
Native extension for Android target not found
Native extension for OSXStandalone target not found
Refreshing native plugins compatible for Editor in 232.78 ms, found 3 plugins.
Preloading 0 native plugins for Editor in 0.00 ms.
Mono: successfully reloaded assembly
- Completed reload, in  1.205 seconds
Domain Reload Profiling:
	ReloadAssembly (1205ms)
		BeginReloadAssembly (119ms)
			ExecutionOrderSort (0ms)
			DisableScriptedObjects (0ms)
			BackupInstance (0ms)
			ReleaseScriptingObjects (0ms)
			CreateAndSetChildDomain (1ms)
		EndReloadAssembly (938ms)
			LoadAssemblies (122ms)
			RebuildTransferFunctionScriptingTraits (0ms)
			SetupTypeCache (180ms)
			ReleaseScriptCaches (0ms)
			RebuildScriptCaches (47ms)
			SetupLoadedEditorAssemblies (637ms)
				LogAssemblyErrors (0ms)
				InitializePlatformSupportModulesInManaged (152ms)
				SetLoadedEditorAssemblies (1ms)
				RefreshPlugins (233ms)
				BeforeProcessingInitializeOnLoad (2ms)
				ProcessInitializeOnLoadAttributes (169ms)
				ProcessInitializeOnLoadMethodAttributes (80ms)
				AfterProcessingInitializeOnLoad (0ms)
				EditorAssembliesLoaded (0ms)
			ExecutionOrderSort2 (0ms)
			AwakeInstancesAfterBackupRestoration (0ms)
Platform modules already initialized, skipping
Registering precompiled user dll's ...
Registered in 0.013201 seconds.
Begin MonoManager ReloadAssembly
Symbol file LoadedFromMemory doesn't match image /Users/macbookpro1/Documents/TrafficProject/Library/PackageCache/com.unity.visualscripting@1.7.8/Editor/VisualScripting.Core/Dependencies/YamlDotNet/Unity.VisualScripting.YamlDotNet.dll
Symbol file LoadedFromMemory doesn't match image /Users/macbookpro1/Documents/TrafficProject/Library/PackageCache/com.unity.visualscripting@1.7.8/Editor/VisualScripting.Core/Dependencies/DotNetZip/Unity.VisualScripting.IonicZip.dll
Native extension for iOS target not found
Native extension for Android target not found
Native extension for OSXStandalone target not found
Refreshing native plugins compatible for Editor in 1.58 ms, found 3 plugins.
Preloading 0 native plugins for Editor in 0.00 ms.
Mono: successfully reloaded assembly
- Completed reload, in  1.514 seconds
Domain Reload Profiling:
	ReloadAssembly (1515ms)
		BeginReloadAssembly (261ms)
			ExecutionOrderSort (0ms)
			DisableScriptedObjects (8ms)
			BackupInstance (0ms)
			ReleaseScriptingObjects (0ms)
			CreateAndSetChildDomain (145ms)
		EndReloadAssembly (1081ms)
			LoadAssemblies (127ms)
			RebuildTransferFunctionScriptingTraits (0ms)
			SetupTypeCache (322ms)
			ReleaseScriptCaches (3ms)
			RebuildScriptCaches (67ms)
			SetupLoadedEditorAssemblies (515ms)
				LogAssemblyErrors (0ms)
				InitializePlatformSupportModulesInManaged (29ms)
				SetLoadedEditorAssemblies (1ms)
				RefreshPlugins (2ms)
				BeforeProcessingInitializeOnLoad (80ms)
				ProcessInitializeOnLoadAttributes (372ms)
				ProcessInitializeOnLoadMethodAttributes (29ms)
				AfterProcessingInitializeOnLoad (1ms)
				EditorAssembliesLoaded (0ms)
			ExecutionOrderSort2 (0ms)
			AwakeInstancesAfterBackupRestoration (4ms)
Platform modules already initialized, skipping
========================================================================
Worker process is ready to serve import requests
Launching external process: /Applications/2021.2.13f1/Unity.app/Contents/Tools/UnityShaderCompiler
Launched and connected shader compiler UnityShaderCompiler after 0.07 seconds
Refreshing native plugins compatible for Editor in 2.67 ms, found 3 plugins.
Preloading 0 native plugins for Editor in 0.00 ms.
Unloading 3391 Unused Serialized files (Serialized files now loaded: 0)
Unloading 32 unused Assets / (96.1 KB). Loaded Objects now: 3894.
Memory consumption went from 273.9 MB to 273.8 MB.
Total: 5.285345 ms (FindLiveObjects: 0.562882 ms CreateObjectMapping: 0.458139 ms MarkObjects: 4.066053 ms  DeleteObjects: 0.196449 ms)

AssetImportParameters requested are different than current active one (requested -> active):
  custom:video-decoder-ogg-theora: a1e56fd34408186e4bbccfd4996cb3dc -> 
  custom:container-muxer-webm: aa71ff27fc2769a1b78a27578f13a17b -> 
  custom:container-demuxer-webm: 4f35f7cbe854078d1ac9338744f61a02 -> 
  custom:video-encoder-webm-vp8: eb34c28f22e8b96e1ab97ce403110664 -> 
  custom:framework-osx-AVFoundation: e770b220cccbd017edd2c1fefb359320 -> 
  custom:audio-encoder-webm-vorbis: bf7c407c2cedff20999df2af8eb42d56 -> 
  custom:container-demuxer-ogg: 62fdf1f143b41e24485cea50d1cbac27 -> 
  custom:video-decoder-webm-vp8: 9c59270c3fd7afecdb556c50c9e8de78 -> 
  custom:audio-decoder-ogg-vorbis: bf7c407c2cedff20999df2af8eb42d56 -> 
========================================================================
Received Import Request.
  Time since last request: 2508.769144 seconds.
  path: Assets/UI - BUILDER/Source Files/Icons/Icons@1x-assets/Navigation/NaviIcon_17.png
  artifactKey: Guid(fe45fef75d70c40fdac0673ef57c6acd) Importer(815301076,1909f56bfc062723c751e8b465ee728b)
Start importing Assets/UI - BUILDER/Source Files/Icons/Icons@1x-assets/Navigation/NaviIcon_17.png using Guid(fe45fef75d70c40fdac0673ef57c6acd) Importer(815301076,1909f56bfc062723c751e8b465ee728b)  -> (artifact id: '31cbc74cb6856117010cc2db57158c9c') in 0.307595 seconds 
========================================================================
Received Import Request.
  Time since last request: 0.000118 seconds.
  path: Assets/UI - BUILDER/Source Files/Panels/Panels@2x-assets/Circles/MiddleSize_Stroke_6px.png
  artifactKey: Guid(30513dabe12089140926282e6caac89e) Importer(815301076,1909f56bfc062723c751e8b465ee728b)
Start importing Assets/UI - BUILDER/Source Files/Panels/Panels@2x-assets/Circles/MiddleSize_Stroke_6px.png using Guid(30513dabe12089140926282e6caac89e) Importer(815301076,1909f56bfc062723c751e8b465ee728b)  -> (artifact id: 'dbbbcf70b3e918805232903ae1944ceb') in 0.024248 seconds 
========================================================================
Received Import Request.
  Time since last request: 0.000127 seconds.
  path: Assets/FlatCartoonGUI/png/item/life_4.png
  artifactKey: Guid(8a12dea6ae9e8424bb4d9a018fa73948) Importer(815301076,1909f56bfc062723c751e8b465ee728b)
Start importing Assets/FlatCartoonGUI/png/item/life_4.png using Guid(8a12dea6ae9e8424bb4d9a018fa73948) Importer(815301076,1909f56bfc062723c751e8b465ee728b)  -> (artifact id: 'b72bed43a70cd430941858d6cddc3499') in 0.029261 seconds 
========================================================================
Received Import Request.
  Time since last request: 0.000071 seconds.
  path: Assets/FlatCartoonGUI/png/item/life_background_3.png
  artifactKey: Guid(dc00af8f63d2e8a4f988df2cf8843ec5) Importer(815301076,1909f56bfc062723c751e8b465ee728b)
Start importing Assets/FlatCartoonGUI/png/item/life_background_3.png using Guid(dc00af8f63d2e8a4f988df2cf8843ec5) Importer(815301076,1909f56bfc062723c751e8b465ee728b)  -> (artifact id: 'c248c022223dbe34cfac348713288326') in 0.020951 seconds 
========================================================================
Received Import Request.
  Time since last request: 0.000064 seconds.
  path: Assets/FlatCartoonGUI/png/list/list_oval3.png
  artifactKey: Guid(e55ba9220eb7b31469c12cf43009c6c2) Importer(815301076,1909f56bfc062723c751e8b465ee728b)
Start importing Assets/FlatCartoonGUI/png/list/list_oval3.png using Guid(e55ba9220eb7b31469c12cf43009c6c2) Importer(815301076,1909f56bfc062723c751e8b465ee728b)  -> (artifact id: '5607658e6d6c3fae4a30165bf10be763') in 0.035972 seconds 
========================================================================
Received Import Request.
  Time since last request: 0.000121 seconds.
  path: Assets/FlatCartoonGUI/png/item/life_simple_4.png
  artifactKey: Guid(2cb65910108320143873915086284dfb) Importer(815301076,1909f56bfc062723c751e8b465ee728b)
Start importing Assets/FlatCartoonGUI/png/item/life_simple_4.png using Guid(2cb65910108320143873915086284dfb) Importer(815301076,1909f56bfc062723c751e8b465ee728b)  -> (artifact id: '61ef0fc62b4635d44ac2e87bce4471f2') in 0.022591 seconds 
========================================================================
Received Import Request.
  Time since last request: 0.000069 seconds.
  path: Assets/UI - BUILDER/Source Files/Icons/Icons@1x-assets/Location/LocationIcons_5.png
  artifactKey: Guid(52c32f101dbd647e7a6a09f7a4da8362) Importer(815301076,1909f56bfc062723c751e8b465ee728b)
Start importing Assets/UI - BUILDER/Source Files/Icons/Icons@1x-assets/Location/LocationIcons_5.png using Guid(52c32f101dbd647e7a6a09f7a4da8362) Importer(815301076,1909f56bfc062723c751e8b465ee728b)  -> (artifact id: '74cc2f30cbfdb91ca1210ee3c88de32d') in 0.018807 seconds 
========================================================================
Received Import Request.
  Time since last request: 0.000122 seconds.
  path: Assets/PolygonNature/Textures/Ground_Textures/Leaves_normals_01.png
  artifactKey: Guid(d677754e011b84a4f849af9052c22119) Importer(815301076,1909f56bfc062723c751e8b465ee728b)
Start importing Assets/PolygonNature/Textures/Ground_Textures/Leaves_normals_01.png using Guid(d677754e011b84a4f849af9052c22119) Importer(815301076,1909f56bfc062723c751e8b465ee728b) WARNING: RGBA Compressed ASTC6X6 UNorm format is not supported, decompressing texture
 -> (artifact id: '916070f555f41fae235b6f59d2ad3fdd') in 0.083119 seconds 
========================================================================
Received Import Request.
  Time since last request: 0.000099 seconds.
  path: Assets/PolygonNature/Textures/Ground_Textures/Leaves.png
  artifactKey: Guid(decdade75c933cc498f73a6c9f240760) Importer(815301076,1909f56bfc062723c751e8b465ee728b)
Start importing Assets/PolygonNature/Textures/Ground_Textures/Leaves.png using Guid(decdade75c933cc498f73a6c9f240760) Importer(815301076,1909f56bfc062723c751e8b465ee728b) WARNING: RGBA Compressed ASTC6X6 UNorm format is not supported, decompressing texture
 -> (artifact id: '891e48e278a6f54750e351d7be741ffb') in 0.072905 seconds 
========================================================================
Received Import Request.
  Time since last request: 0.000084 seconds.
  path: Assets/UI - BUILDER/Source Files/Panels/Panels@2x-assets/Labels/LabelRadius_12px_Fill.png
  artifactKey: Guid(ab1b3890615546f489230f48616753ce) Importer(815301076,1909f56bfc062723c751e8b465ee728b)
Start importing Assets/UI - BUILDER/Source Files/Panels/Panels@2x-assets/Labels/LabelRadius_12px_Fill.png using Guid(ab1b3890615546f489230f48616753ce) Importer(815301076,1909f56bfc062723c751e8b465ee728b)  -> (artifact id: '8a492fe1f4f97520ab6905c23bd39e45') in 0.023739 seconds 
========================================================================
Received Import Request.
  Time since last request: 0.000095 seconds.
  path: Assets/UI - BUILDER/Source Files/Panels/Panels@2x-assets/Labels/LabelRadius_24px_Stroke_6px.png
  artifactKey: Guid(349c9d21270041247ba781c38d0f05e0) Importer(815301076,1909f56bfc062723c751e8b465ee728b)
Start importing Assets/UI - BUILDER/Source Files/Panels/Panels@2x-assets/Labels/LabelRadius_24px_Stroke_6px.png using Guid(349c9d21270041247ba781c38d0f05e0) Importer(815301076,1909f56bfc062723c751e8b465ee728b)  -> (artifact id: '9965079bbb80fccb96171d09af7e0683') in 0.020482 seconds 
========================================================================
Received Import Request.
  Time since last request: 0.002756 seconds.
  path: Assets/PolygonNature/Textures/Ground_Textures/Leaves_04.png
  artifactKey: Guid(d115395b545f1e34088cda09117b88fc) Importer(815301076,1909f56bfc062723c751e8b465ee728b)
Start importing Assets/PolygonNature/Textures/Ground_Textures/Leaves_04.png using Guid(d115395b545f1e34088cda09117b88fc) Importer(815301076,1909f56bfc062723c751e8b465ee728b) WARNING: RGBA Compressed ASTC6X6 UNorm format is not supported, decompressing texture
 -> (artifact id: '3481fe8f531c4b86a7127c6b9868737d') in 0.074906 seconds 
========================================================================
Received Import Request.
  Time since last request: 0.000102 seconds.
  path: Assets/PolygonNature/Textures/Leaves/Leaves_Willow_MaskTexture.png
  artifactKey: Guid(cb85d02347a64c14195e1ea916e67460) Importer(815301076,1909f56bfc062723c751e8b465ee728b)
Start importing Assets/PolygonNature/Textures/Leaves/Leaves_Willow_MaskTexture.png using Guid(cb85d02347a64c14195e1ea916e67460) Importer(815301076,1909f56bfc062723c751e8b465ee728b) WARNING: RGBA Compressed ASTC6X6 UNorm format is not supported, decompressing texture
 -> (artifact id: 'd8bf6780743e03ed07f87d098a850cfd') in 0.027441 seconds 
========================================================================
Received Import Request.
  Time since last request: 0.000075 seconds.
  path: Assets/UI - BUILDER/Source Files/Panels/Panels@1x-assets/Labels/LabelRadius_0px_Stroke_12px.png
  artifactKey: Guid(b4efa14160d7320489caf3b485701a07) Importer(815301076,1909f56bfc062723c751e8b465ee728b)
Start importing Assets/UI - BUILDER/Source Files/Panels/Panels@1x-assets/Labels/LabelRadius_0px_Stroke_12px.png using Guid(b4efa14160d7320489caf3b485701a07) Importer(815301076,1909f56bfc062723c751e8b465ee728b)  -> (artifact id: '701f747e0a0b09c9a33244b157ce3bb4') in 0.015727 seconds 
========================================================================
Received Import Request.
  Time since last request: 0.000095 seconds.
  path: Assets/UI - BUILDER/Source Files/Panels/Panels@1x-assets/Labels/LabelRadius_6px_Stroke_10px.png
  artifactKey: Guid(34c53091ff534494087e941dd8d2e029) Importer(815301076,1909f56bfc062723c751e8b465ee728b)
Start importing Assets/UI - BUILDER/Source Files/Panels/Panels@1x-assets/Labels/LabelRadius_6px_Stroke_10px.png using Guid(34c53091ff534494087e941dd8d2e029) Importer(815301076,1909f56bfc062723c751e8b465ee728b)  -> (artifact id: 'f38f0ce26084c7605f0eec926927dc92') in 0.018147 seconds 
========================================================================
Received Import Request.
  Time since last request: 0.000079 seconds.
  path: Assets/FlatCartoonGUI/png/level/level_oval_3star.png
  artifactKey: Guid(fe8e56f7708c08f4e82689c27db1a080) Importer(815301076,1909f56bfc062723c751e8b465ee728b)
Start importing Assets/FlatCartoonGUI/png/level/level_oval_3star.png using Guid(fe8e56f7708c08f4e82689c27db1a080) Importer(815301076,1909f56bfc062723c751e8b465ee728b)  -> (artifact id: 'c8c0987510b96cb76246e866a8826c76') in 0.021754 seconds 
========================================================================
Received Import Request.
  Time since last request: 0.000117 seconds.
  path: Assets/UI - BUILDER/Source Files/Panels/Panels@1x-assets/Labels/LabelRadius_24px_Stroke_12px.png
  artifactKey: Guid(76d2704242b02fe4bb0c5dcb1107d55b) Importer(815301076,1909f56bfc062723c751e8b465ee728b)
Start importing Assets/UI - BUILDER/Source Files/Panels/Panels@1x-assets/Labels/LabelRadius_24px_Stroke_12px.png using Guid(76d2704242b02fe4bb0c5dcb1107d55b) Importer(815301076,1909f56bfc062723c751e8b465ee728b)  -> (artifact id: '4d5a0e97043a7d72ed6178922eef02d8') in 0.017612 seconds 
========================================================================
Received Import Request.
  Time since last request: 0.000082 seconds.
  path: Assets/UI - BUILDER/Source Files/Panels/Panels@1x-assets/Labels/LabelRadius_0px_Stroke_4px.png
  artifactKey: Guid(fc5f3027645e41b4d8c130b5b1bc28a1) Importer(815301076,1909f56bfc062723c751e8b465ee728b)
Start importing Assets/UI - BUILDER/Source Files/Panels/Panels@1x-assets/Labels/LabelRadius_0px_Stroke_4px.png using Guid(fc5f3027645e41b4d8c130b5b1bc28a1) Importer(815301076,1909f56bfc062723c751e8b465ee728b)  -> (artifact id: '475b03a51b34461547828cd9ed96e15c') in 0.016527 seconds 
========================================================================
Received Import Request.
  Time since last request: 0.000084 seconds.
  path: Assets/FlatCartoonGUI/png/item/life_small_simple_background_2.png
  artifactKey: Guid(f79fe0499bf7cf1469d3b66c65ef6428) Importer(815301076,1909f56bfc062723c751e8b465ee728b)
Start importing Assets/FlatCartoonGUI/png/item/life_small_simple_background_2.png using Guid(f79fe0499bf7cf1469d3b66c65ef6428) Importer(815301076,1909f56bfc062723c751e8b465ee728b)  -> (artifact id: '6beef435a65cdcd1ee53f513e41d3eaa') in 0.019588 seconds 
========================================================================
Received Import Request.
  Time since last request: 0.000133 seconds.
  path: Assets/FlatCartoonGUI/png/item/life_simple_background_1.png
  artifactKey: Guid(8efdc07a3c9a9f34c81444dd66d515a1) Importer(815301076,1909f56bfc062723c751e8b465ee728b)
Start importing Assets/FlatCartoonGUI/png/item/life_simple_background_1.png using Guid(8efdc07a3c9a9f34c81444dd66d515a1) Importer(815301076,1909f56bfc062723c751e8b465ee728b)  -> (artifact id: '171e24b65750c6ebf99352eed946bcb6') in 0.020823 seconds 
========================================================================
Received Import Request.
  Time since last request: 0.000108 seconds.
  path: Assets/UI - BUILDER/Source Files/Panels/Panels@2x-assets/Labels/LabelRadius_34px_Stroke_2px.png
  artifactKey: Guid(eab3edcae37a3014180263b66a2b80db) Importer(815301076,1909f56bfc062723c751e8b465ee728b)
Start importing Assets/UI - BUILDER/Source Files/Panels/Panels@2x-assets/Labels/LabelRadius_34px_Stroke_2px.png using Guid(eab3edcae37a3014180263b66a2b80db) Importer(815301076,1909f56bfc062723c751e8b465ee728b)  -> (artifact id: 'bb0e25b428a9284209c382b2b04a3799') in 0.016338 seconds 
========================================================================
Received Import Request.
  Time since last request: 0.000124 seconds.
  path: Assets/UI - BUILDER/Source Files/Panels/Panels@1x-assets/Labels/LabelRadius_6px_Stroke_2px.png
  artifactKey: Guid(2a5a4032ed6f9d04fbd4c1bbb75cc671) Importer(815301076,1909f56bfc062723c751e8b465ee728b)
Start importing Assets/UI - BUILDER/Source Files/Panels/Panels@1x-assets/Labels/LabelRadius_6px_Stroke_2px.png using Guid(2a5a4032ed6f9d04fbd4c1bbb75cc671) Importer(815301076,1909f56bfc062723c751e8b465ee728b)  -> (artifact id: 'c5a68d44738cf54b6e8c20db8e3b450d') in 0.021037 seconds 
========================================================================
Received Import Request.
  Time since last request: 0.000091 seconds.
  path: Assets/FlatCartoonGUI/png/list/list_oval1.png
  artifactKey: Guid(9a34ccc36f085144aa456c6e9a650685) Importer(815301076,1909f56bfc062723c751e8b465ee728b)
Start importing Assets/FlatCartoonGUI/png/list/list_oval1.png using Guid(9a34ccc36f085144aa456c6e9a650685) Importer(815301076,1909f56bfc062723c751e8b465ee728b)  -> (artifact id: '25fbc4a6f5912e3ccbc560d0e15a1a23') in 0.035686 seconds 
========================================================================
Received Import Request.
  Time since last request: 0.000093 seconds.
  path: Assets/UI - BUILDER/Source Files/Panels/Panels@1x-assets/Labels/LabelRadius_6px_Fill.png
  artifactKey: Guid(973084507b20d2b49ab74c4facfc99df) Importer(815301076,1909f56bfc062723c751e8b465ee728b)
Start importing Assets/UI - BUILDER/Source Files/Panels/Panels@1x-assets/Labels/LabelRadius_6px_Fill.png using Guid(973084507b20d2b49ab74c4facfc99df) Importer(815301076,1909f56bfc062723c751e8b465ee728b)  -> (artifact id: '2e5288e66131fe38bb5aef1744f0c3fd') in 0.016248 seconds 
========================================================================
Received Import Request.
  Time since last request: 0.000084 seconds.
  path: Assets/UI - BUILDER/Source Files/Panels/Panels@2x-assets/Labels/LabelRadius_34px_Stroke_20px.png
  artifactKey: Guid(0d8234aeab232104f9811c3af5b25d98) Importer(815301076,1909f56bfc062723c751e8b465ee728b)
Start importing Assets/UI - BUILDER/Source Files/Panels/Panels@2x-assets/Labels/LabelRadius_34px_Stroke_20px.png using Guid(0d8234aeab232104f9811c3af5b25d98) Importer(815301076,1909f56bfc062723c751e8b465ee728b)  -> (artifact id: '1c6bdff1e3c19cc65557349fc02de8b0') in 0.019909 seconds 
========================================================================
Received Import Request.
  Time since last request: 0.000108 seconds.
  path: Assets/FlatCartoonGUI/png/item/life_simple_foreground_1.png
  artifactKey: Guid(555d775d032e2ef4dab172586bec3ac3) Importer(815301076,1909f56bfc062723c751e8b465ee728b)
Start importing Assets/FlatCartoonGUI/png/item/life_simple_foreground_1.png using Guid(555d775d032e2ef4dab172586bec3ac3) Importer(815301076,1909f56bfc062723c751e8b465ee728b)  -> (artifact id: 'cbe37239ba66f01fe47e87c9a6467178') in 0.021279 seconds 
========================================================================
Received Import Request.
  Time since last request: 0.000101 seconds.
  path: Assets/UI - BUILDER/Source Files/Panels/Panels@1x-assets/Labels/LabelRadius_34px_Stroke_10px.png
  artifactKey: Guid(86e0488cfc99fe54fb7492221e66f435) Importer(815301076,1909f56bfc062723c751e8b465ee728b)
Start importing Assets/UI - BUILDER/Source Files/Panels/Panels@1x-assets/Labels/LabelRadius_34px_Stroke_10px.png using Guid(86e0488cfc99fe54fb7492221e66f435) Importer(815301076,1909f56bfc062723c751e8b465ee728b)  -> (artifact id: '219b155db64e6224666ae953a50b67cb') in 0.023252 seconds 
========================================================================
Received Import Request.
  Time since last request: 0.000129 seconds.
  path: Assets/FlatCartoonGUI/png/indicator/indicator_foreground_square_white.png
  artifactKey: Guid(9150bb04601f3d241bf67345c12e3a60) Importer(815301076,1909f56bfc062723c751e8b465ee728b)
Start importing Assets/FlatCartoonGUI/png/indicator/indicator_foreground_square_white.png using Guid(9150bb04601f3d241bf67345c12e3a60) Importer(815301076,1909f56bfc062723c751e8b465ee728b)  -> (artifact id: 'ae42c4817fefd28ee0f1996cdf12784c') in 0.014685 seconds 
========================================================================
Received Import Request.
  Time since last request: 0.000092 seconds.
  path: Assets/UI - BUILDER/Source Files/Panels/Panels@1x-assets/Labels/LabelRadius_34px_Stroke_2px.png
  artifactKey: Guid(e106d1270227d114db30118e119e7cd4) Importer(815301076,1909f56bfc062723c751e8b465ee728b)
Start importing Assets/UI - BUILDER/Source Files/Panels/Panels@1x-assets/Labels/LabelRadius_34px_Stroke_2px.png using Guid(e106d1270227d114db30118e119e7cd4) Importer(815301076,1909f56bfc062723c751e8b465ee728b)  -> (artifact id: '6b892c3a64dfcc9d7a04dab3a2f66bff') in 0.019754 seconds 
========================================================================
Received Import Request.
  Time since last request: 0.000108 seconds.
  path: Assets/FlatCartoonGUI/png/level/level_oval_0star.png
  artifactKey: Guid(ae740b38debcb5641a94749626413240) Importer(815301076,1909f56bfc062723c751e8b465ee728b)
Start importing Assets/FlatCartoonGUI/png/level/level_oval_0star.png using Guid(ae740b38debcb5641a94749626413240) Importer(815301076,1909f56bfc062723c751e8b465ee728b)  -> (artifact id: '1732bb4d1c35e9f8441eae2785dca02e') in 0.020806 seconds 
========================================================================
Received Import Request.
  Time since last request: 0.000095 seconds.
  path: Assets/UI - BUILDER/Source Files/Panels/Panels@2x-assets/Labels/LabelRadius_34px_Stroke_4px.png
  artifactKey: Guid(1439fe478d209d14aa0a523ab39fa75a) Importer(815301076,1909f56bfc062723c751e8b465ee728b)
Start importing Assets/UI - BUILDER/Source Files/Panels/Panels@2x-assets/Labels/LabelRadius_34px_Stroke_4px.png using Guid(1439fe478d209d14aa0a523ab39fa75a) Importer(815301076,1909f56bfc062723c751e8b465ee728b)  -> (artifact id: '211addc631f0a408aafc09b16e03d222') in 0.017228 seconds 
========================================================================
Received Import Request.
  Time since last request: 0.000079 seconds.
  path: Assets/UI - BUILDER/Source Files/Panels/Panels@2x-assets/Labels/LabelRadius_24px_Stroke_20px.png
  artifactKey: Guid(a59e2d89db356dd4099aaaa81f559b53) Importer(815301076,1909f56bfc062723c751e8b465ee728b)
Start importing Assets/UI - BUILDER/Source Files/Panels/Panels@2x-assets/Labels/LabelRadius_24px_Stroke_20px.png using Guid(a59e2d89db356dd4099aaaa81f559b53) Importer(815301076,1909f56bfc062723c751e8b465ee728b)  -> (artifact id: '37fbe33e94b7131006c83b4b6fecaa7b') in 0.017970 seconds 
========================================================================
Received Import Request.
  Time since last request: 0.000111 seconds.
  path: Assets/PolygonNature/Textures/Leaves/Leaves_Willow_EmissiveTexture.png
  artifactKey: Guid(e88ff96768daf224da52818f026ab171) Importer(815301076,1909f56bfc062723c751e8b465ee728b)
Start importing Assets/PolygonNature/Textures/Leaves/Leaves_Willow_EmissiveTexture.png using Guid(e88ff96768daf224da52818f026ab171) Importer(815301076,1909f56bfc062723c751e8b465ee728b) WARNING: RGBA Compressed ASTC6X6 UNorm format is not supported, decompressing texture
 -> (artifact id: '688f7dda5290bea99f8dbc69746cc3f0') in 0.023373 seconds 
========================================================================
Received Import Request.
  Time since last request: 0.000078 seconds.
  path: Assets/UI - BUILDER/Source Files/Panels/Panels@2x-assets/Labels/LabelRadius_34px_Stroke_6px.png
  artifactKey: Guid(96416e88142cead42ad506a9f9c308aa) Importer(815301076,1909f56bfc062723c751e8b465ee728b)
Start importing Assets/UI - BUILDER/Source Files/Panels/Panels@2x-assets/Labels/LabelRadius_34px_Stroke_6px.png using Guid(96416e88142cead42ad506a9f9c308aa) Importer(815301076,1909f56bfc062723c751e8b465ee728b)  -> (artifact id: '9668fd269a86b2abb15bbd0e4953b8d8') in 0.019130 seconds 
========================================================================
Received Import Request.
  Time since last request: 0.000069 seconds.
  path: Assets/UI - BUILDER/Source Files/Icons/Icons@1x-assets/Media/MediaIcon_32.png
  artifactKey: Guid(f6db8234ddaff4ee1aae87a454851ad5) Importer(815301076,1909f56bfc062723c751e8b465ee728b)
Start importing Assets/UI - BUILDER/Source Files/Icons/Icons@1x-assets/Media/MediaIcon_32.png using Guid(f6db8234ddaff4ee1aae87a454851ad5) Importer(815301076,1909f56bfc062723c751e8b465ee728b)  -> (artifact id: 'be4208a62a9d68ccc28c6c82df2b97cf') in 0.020260 seconds 
========================================================================
Received Import Request.
  Time since last request: 0.000105 seconds.
  path: Assets/FlatCartoonGUI/png/indicator/indicator_foreground_square_gray.png
  artifactKey: Guid(56360d90f47acb3429990cba4fd587e5) Importer(815301076,1909f56bfc062723c751e8b465ee728b)
Start importing Assets/FlatCartoonGUI/png/indicator/indicator_foreground_square_gray.png using Guid(56360d90f47acb3429990cba4fd587e5) Importer(815301076,1909f56bfc062723c751e8b465ee728b)  -> (artifact id: '0c4be7ad9ded19a66de11a637e76b7ff') in 0.021444 seconds 
========================================================================
Received Import Request.
  Time since last request: 0.000276 seconds.
  path: Assets/FlatCartoonGUI/png/indicator/indicator_foreground_square_orange.png
  artifactKey: Guid(9c03ebaa8890a1b4e90584935e28b569) Importer(815301076,1909f56bfc062723c751e8b465ee728b)
Start importing Assets/FlatCartoonGUI/png/indicator/indicator_foreground_square_orange.png using Guid(9c03ebaa8890a1b4e90584935e28b569) Importer(815301076,1909f56bfc062723c751e8b465ee728b)  -> (artifact id: '20ac335be9dd307cb105d98f983a5d9e') in 0.015045 seconds 
========================================================================
Received Import Request.
  Time since last request: 0.000127 seconds.
  path: Assets/UI - BUILDER/Source Files/Icons/Icons@1x-assets/Navigation/NaviIcon_9.png
  artifactKey: Guid(6f0585d78f4714954a785e193852cc74) Importer(815301076,1909f56bfc062723c751e8b465ee728b)
Start importing Assets/UI - BUILDER/Source Files/Icons/Icons@1x-assets/Navigation/NaviIcon_9.png using Guid(6f0585d78f4714954a785e193852cc74) Importer(815301076,1909f56bfc062723c751e8b465ee728b)  -> (artifact id: 'c7dd5c78cd59eb92fc7e09562828252e') in 0.018140 seconds 
========================================================================
Received Import Request.
  Time since last request: 0.000067 seconds.
  path: Assets/UI - BUILDER/Source Files/Icons/Icons@2x-assets/Navigation/NaviIcon_4.png
  artifactKey: Guid(26ea7cb5109f63749aabb66d9f1b62a1) Importer(815301076,1909f56bfc062723c751e8b465ee728b)
Start importing Assets/UI - BUILDER/Source Files/Icons/Icons@2x-assets/Navigation/NaviIcon_4.png using Guid(26ea7cb5109f63749aabb66d9f1b62a1) Importer(815301076,1909f56bfc062723c751e8b465ee728b)  -> (artifact id: '5ecc095b15e146c0f23d612c2a3ff27a') in 0.054354 seconds 
========================================================================
Received Import Request.
  Time since last request: 0.000092 seconds.
  path: Assets/FlatCartoonGUI/png/icon_in_UI/icon_black/icon_black_17.png
  artifactKey: Guid(e0af579d157c7d94abca1f945dabf10f) Importer(815301076,1909f56bfc062723c751e8b465ee728b)
Start importing Assets/FlatCartoonGUI/png/icon_in_UI/icon_black/icon_black_17.png using Guid(e0af579d157c7d94abca1f945dabf10f) Importer(815301076,1909f56bfc062723c751e8b465ee728b)  -> (artifact id: '9ee4d1eff983dda8cc823c177cc7154c') in 0.020708 seconds 
========================================================================
Received Import Request.
  Time since last request: 0.000077 seconds.
  path: Assets/FlatCartoonGUI/png/icon_in_UI/icon_black/icon_black_21.png
  artifactKey: Guid(f52e04e912a9a8944ba263ae4ad48307) Importer(815301076,1909f56bfc062723c751e8b465ee728b)
Start importing Assets/FlatCartoonGUI/png/icon_in_UI/icon_black/icon_black_21.png using Guid(f52e04e912a9a8944ba263ae4ad48307) Importer(815301076,1909f56bfc062723c751e8b465ee728b)  -> (artifact id: '4f8831372472c64ac3f9d3407d1c7237') in 0.017327 seconds 
========================================================================
Received Import Request.
  Time since last request: 0.000089 seconds.
  path: Assets/FlatCartoonGUI/png/icon_in_UI/icon_black/icon_black_30.png
  artifactKey: Guid(35e59a3e1cce081488797d50a78a47b5) Importer(815301076,1909f56bfc062723c751e8b465ee728b)
Start importing Assets/FlatCartoonGUI/png/icon_in_UI/icon_black/icon_black_30.png using Guid(35e59a3e1cce081488797d50a78a47b5) Importer(815301076,1909f56bfc062723c751e8b465ee728b)  -> (artifact id: '0ce77e4943519eb9afae5b6f57a046e8') in 0.020404 seconds 
========================================================================
Received Import Request.
  Time since last request: 0.000072 seconds.
  path: Assets/FlatCartoonGUI/png/icon_in_UI/icon_black/icon_black_37.png
  artifactKey: Guid(7743578d1939b1948b8d00431cf0bec4) Importer(815301076,1909f56bfc062723c751e8b465ee728b)
Start importing Assets/FlatCartoonGUI/png/icon_in_UI/icon_black/icon_black_37.png using Guid(7743578d1939b1948b8d00431cf0bec4) Importer(815301076,1909f56bfc062723c751e8b465ee728b)  -> (artifact id: '55a9de1c0212fd18e8e3237ab1bf2872') in 0.024958 seconds 
========================================================================
Received Import Request.
  Time since last request: 0.000107 seconds.
  path: Assets/FlatCartoonGUI/png/icon_in_UI/icon_black/icon_black_54.png
  artifactKey: Guid(175ae42431e20b149a0dca268c574349) Importer(815301076,1909f56bfc062723c751e8b465ee728b)
Start importing Assets/FlatCartoonGUI/png/icon_in_UI/icon_black/icon_black_54.png using Guid(175ae42431e20b149a0dca268c574349) Importer(815301076,1909f56bfc062723c751e8b465ee728b)  -> (artifact id: 'd307194fd8c8aaab80ac9e0616c667e8') in 0.021761 seconds 
========================================================================
Received Import Request.
  Time since last request: 0.000112 seconds.
  path: Assets/FlatCartoonGUI/png/icon_in_UI/icon_black/icon_black_18.png
  artifactKey: Guid(6f7300ad424c7b340b0c1ee69e419f66) Importer(815301076,1909f56bfc062723c751e8b465ee728b)
Start importing Assets/FlatCartoonGUI/png/icon_in_UI/icon_black/icon_black_18.png using Guid(6f7300ad424c7b340b0c1ee69e419f66) Importer(815301076,1909f56bfc062723c751e8b465ee728b)  -> (artifact id: 'a61df3d061a3e55d6b6d3d26c2686741') in 0.019429 seconds 
========================================================================
Received Import Request.
  Time since last request: 0.000083 seconds.
  path: Assets/FlatCartoonGUI/png/icon_in_UI/icon_black/icon_black_3.png
  artifactKey: Guid(de49b179876cfbd45bb03db4f44ad31c) Importer(815301076,1909f56bfc062723c751e8b465ee728b)
Start importing Assets/FlatCartoonGUI/png/icon_in_UI/icon_black/icon_black_3.png using Guid(de49b179876cfbd45bb03db4f44ad31c) Importer(815301076,1909f56bfc062723c751e8b465ee728b)  -> (artifact id: 'a9c30b1c12b6ec799350ce6aa5e03d84') in 0.019050 seconds 
========================================================================
Received Import Request.
  Time since last request: 0.002521 seconds.
  path: Assets/UI - BUILDER/Source Files/Icons/Icons@2x-assets/Navigation/NaviIcon_17.png
  artifactKey: Guid(50b34c0a5583b1143913cc5359ac8c31) Importer(815301076,1909f56bfc062723c751e8b465ee728b)
Start importing Assets/UI - BUILDER/Source Files/Icons/Icons@2x-assets/Navigation/NaviIcon_17.png using Guid(50b34c0a5583b1143913cc5359ac8c31) Importer(815301076,1909f56bfc062723c751e8b465ee728b)  -> (artifact id: '65ed998e652f67a1f4739eeeea32f22d') in 0.020596 seconds 
========================================================================
Received Import Request.
  Time since last request: 0.000095 seconds.
  path: Assets/FlatCartoonGUI/png/icon_in_UI/icon_black/icon_black_35.png
  artifactKey: Guid(c3224f2f10a2218408f854af4128deaa) Importer(815301076,1909f56bfc062723c751e8b465ee728b)
Start importing Assets/FlatCartoonGUI/png/icon_in_UI/icon_black/icon_black_35.png using Guid(c3224f2f10a2218408f854af4128deaa) Importer(815301076,1909f56bfc062723c751e8b465ee728b)  -> (artifact id: '08ba7f7d21bc768317992218a2adf5e7') in 0.026835 seconds 
========================================================================
Received Import Request.
  Time since last request: 0.000072 seconds.
  path: Assets/FlatCartoonGUI/png/inputbox/inputbox_rectangle_3.png
  artifactKey: Guid(2ff4ee71c26ebfd4c86f3157bfb37a04) Importer(815301076,1909f56bfc062723c751e8b465ee728b)
Start importing Assets/FlatCartoonGUI/png/inputbox/inputbox_rectangle_3.png using Guid(2ff4ee71c26ebfd4c86f3157bfb37a04) Importer(815301076,1909f56bfc062723c751e8b465ee728b)  -> (artifact id: 'c5f12768fab51f594bc9564fee131465') in 0.024091 seconds 
========================================================================
Received Import Request.
  Time since last request: 0.000066 seconds.
  path: Assets/UI - BUILDER/Source Files/Panels/Panels@2x-assets/Labels/LabelRadius_6px_Stroke_20px.png
  artifactKey: Guid(f6f0f2bd21169d04890d317ce4e6e7db) Importer(815301076,1909f56bfc062723c751e8b465ee728b)
Start importing Assets/UI - BUILDER/Source Files/Panels/Panels@2x-assets/Labels/LabelRadius_6px_Stroke_20px.png using Guid(f6f0f2bd21169d04890d317ce4e6e7db) Importer(815301076,1909f56bfc062723c751e8b465ee728b)  -> (artifact id: 'c97f90050e2f0cc31cee663161584cd2') in 0.022415 seconds 
========================================================================
Received Import Request.
  Time since last request: 0.000076 seconds.
  path: Assets/UI - BUILDER/Source Files/Icons/Icons@2x-assets/Navigation/NaviIcon_24.png
  artifactKey: Guid(e27ac9ca297b7b54b9228d0b54aa78b3) Importer(815301076,1909f56bfc062723c751e8b465ee728b)
Start importing Assets/UI - BUILDER/Source Files/Icons/Icons@2x-assets/Navigation/NaviIcon_24.png using Guid(e27ac9ca297b7b54b9228d0b54aa78b3) Importer(815301076,1909f56bfc062723c751e8b465ee728b)  -> (artifact id: '1d5ee1d144ab7aef93a616551a0a2b80') in 0.018234 seconds 
========================================================================
Received Import Request.
  Time since last request: 0.000075 seconds.
  path: Assets/UI - BUILDER/Source Files/Icons/Icons@1x-assets/Navigation/NaviIcon_12.png
  artifactKey: Guid(6fe75d2e36ae343bcaec91c4d663b7ea) Importer(815301076,1909f56bfc062723c751e8b465ee728b)
Start importing Assets/UI - BUILDER/Source Files/Icons/Icons@1x-assets/Navigation/NaviIcon_12.png using Guid(6fe75d2e36ae343bcaec91c4d663b7ea) Importer(815301076,1909f56bfc062723c751e8b465ee728b)  -> (artifact id: 'b9efb3350dd112c55e9b65aff68801de') in 0.016244 seconds 
========================================================================
Received Import Request.
  Time since last request: 0.000120 seconds.
  path: Assets/UI - BUILDER/Source Files/Icons/Icons@2x-assets/Navigation/NaviIcon_7.png
  artifactKey: Guid(95c49cf2de1afb94aaca14fc39a6575b) Importer(815301076,1909f56bfc062723c751e8b465ee728b)
Start importing Assets/UI - BUILDER/Source Files/Icons/Icons@2x-assets/Navigation/NaviIcon_7.png using Guid(95c49cf2de1afb94aaca14fc39a6575b) Importer(815301076,1909f56bfc062723c751e8b465ee728b)  -> (artifact id: '6acb1640e690ddaebe1c7797d4549807') in 0.014617 seconds 
========================================================================
Received Import Request.
  Time since last request: 0.000104 seconds.
  path: Assets/UI - BUILDER/Source Files/Panels/Panels@1x-assets/Labels/LabelRadius_24px_Stroke_20px.png
  artifactKey: Guid(3d8c141f96c365f48894dab20b48d0b6) Importer(815301076,1909f56bfc062723c751e8b465ee728b)
Start importing Assets/UI - BUILDER/Source Files/Panels/Panels@1x-assets/Labels/LabelRadius_24px_Stroke_20px.png using Guid(3d8c141f96c365f48894dab20b48d0b6) Importer(815301076,1909f56bfc062723c751e8b465ee728b)  -> (artifact id: '1847523312a074a87bde6e84b3686fcd') in 0.020780 seconds 
========================================================================
Received Import Request.
  Time since last request: 0.000094 seconds.
  path: Assets/FlatCartoonGUI/png/icon_in_UI/icon_black/icon_black_44.png
  artifactKey: Guid(8c35013d0a79e20449fe45714c0f3326) Importer(815301076,1909f56bfc062723c751e8b465ee728b)
Start importing Assets/FlatCartoonGUI/png/icon_in_UI/icon_black/icon_black_44.png using Guid(8c35013d0a79e20449fe45714c0f3326) Importer(815301076,1909f56bfc062723c751e8b465ee728b)  -> (artifact id: 'f6fc24cf8fbdbb38ffd0199bf0c69cf1') in 0.019184 seconds 
========================================================================
Received Import Request.
  Time since last request: 0.000065 seconds.
  path: Assets/PolygonNature/Textures/Leaves/Leaves_Pine_MaskTexture.png
  artifactKey: Guid(6d596b82bd264574f87984c620459feb) Importer(815301076,1909f56bfc062723c751e8b465ee728b)
Start importing Assets/PolygonNature/Textures/Leaves/Leaves_Pine_MaskTexture.png using Guid(6d596b82bd264574f87984c620459feb) Importer(815301076,1909f56bfc062723c751e8b465ee728b) WARNING: RGBA Compressed ASTC6X6 UNorm format is not supported, decompressing texture
 -> (artifact id: '87642891fbcc2ccffa34f4c081036ba6') in 0.019780 seconds 
========================================================================
Received Import Request.
  Time since last request: 0.000124 seconds.
  path: Assets/FlatCartoonGUI/png/icon_in_UI/icon_black/icon_black_20.png
  artifactKey: Guid(eb8bf447d11024745a8fdc9dfe726f64) Importer(815301076,1909f56bfc062723c751e8b465ee728b)
Start importing Assets/FlatCartoonGUI/png/icon_in_UI/icon_black/icon_black_20.png using Guid(eb8bf447d11024745a8fdc9dfe726f64) Importer(815301076,1909f56bfc062723c751e8b465ee728b)  -> (artifact id: '11289e233bb99fc535120d2cb11e069b') in 0.017870 seconds 
========================================================================
Received Import Request.
  Time since last request: 0.000112 seconds.
  path: Assets/FlatCartoonGUI/png/inputbox/inputbox_square_3.png
  artifactKey: Guid(96bf6708b19d1704c858ec2927fcb6d8) Importer(815301076,1909f56bfc062723c751e8b465ee728b)
Start importing Assets/FlatCartoonGUI/png/inputbox/inputbox_square_3.png using Guid(96bf6708b19d1704c858ec2927fcb6d8) Importer(815301076,1909f56bfc062723c751e8b465ee728b)  -> (artifact id: '1ad55b0440690a2a1cd0db52d50f4810') in 0.019522 seconds 
========================================================================
Received Import Request.
  Time since last request: 0.000092 seconds.
  path: Assets/UI - BUILDER/Source Files/Panels/Panels@1x-assets/Labels/LabelRadius_0px_Stroke_2px.png
  artifactKey: Guid(76ce1b545af686c49a7683e8e513cfd7) Importer(815301076,1909f56bfc062723c751e8b465ee728b)
Start importing Assets/UI - BUILDER/Source Files/Panels/Panels@1x-assets/Labels/LabelRadius_0px_Stroke_2px.png using Guid(76ce1b545af686c49a7683e8e513cfd7) Importer(815301076,1909f56bfc062723c751e8b465ee728b)  -> (artifact id: '722cad28adfda102be3206412fda10fe') in 0.016240 seconds 
========================================================================
Received Import Request.
  Time since last request: 0.000101 seconds.
  path: Assets/FlatCartoonGUI/png/icon_in_UI/icon_black/icon_black_28.png
  artifactKey: Guid(47d0bc5b2fef4ad4ea2ec64a35a99969) Importer(815301076,1909f56bfc062723c751e8b465ee728b)
Start importing Assets/FlatCartoonGUI/png/icon_in_UI/icon_black/icon_black_28.png using Guid(47d0bc5b2fef4ad4ea2ec64a35a99969) Importer(815301076,1909f56bfc062723c751e8b465ee728b)  -> (artifact id: 'a57a307d40e0ce30b9e22bd46bb7f0f3') in 0.025661 seconds 
========================================================================
Received Import Request.
  Time since last request: 0.000096 seconds.
  path: Assets/FlatCartoonGUI/png/icon_in_UI/icon_black/icon_black_4.png
  artifactKey: Guid(fd92523895edfa8429393ad537166d8d) Importer(815301076,1909f56bfc062723c751e8b465ee728b)
Start importing Assets/FlatCartoonGUI/png/icon_in_UI/icon_black/icon_black_4.png using Guid(fd92523895edfa8429393ad537166d8d) Importer(815301076,1909f56bfc062723c751e8b465ee728b)  -> (artifact id: '1c962023a35447944989aa1b0c3a8367') in 0.019506 seconds 
========================================================================
Received Import Request.
  Time since last request: 0.000103 seconds.
  path: Assets/FlatCartoonGUI/png/icon_in_UI/icon_black/icon_black_15.png
  artifactKey: Guid(767292fd0bef3e540a0e84454fae8e28) Importer(815301076,1909f56bfc062723c751e8b465ee728b)
Start importing Assets/FlatCartoonGUI/png/icon_in_UI/icon_black/icon_black_15.png using Guid(767292fd0bef3e540a0e84454fae8e28) Importer(815301076,1909f56bfc062723c751e8b465ee728b)  -> (artifact id: '54516a0e9f111cc1e30c62db01d97bc2') in 0.017620 seconds 
========================================================================
Received Import Request.
  Time since last request: 0.000066 seconds.
  path: Assets/UI - BUILDER/Source Files/Panels/Panels@2x-assets/Labels/LabelRadius_12px_Stroke_2px.png
  artifactKey: Guid(ab2e626ba3087c149b1450aa908fb744) Importer(815301076,1909f56bfc062723c751e8b465ee728b)
Start importing Assets/UI - BUILDER/Source Files/Panels/Panels@2x-assets/Labels/LabelRadius_12px_Stroke_2px.png using Guid(ab2e626ba3087c149b1450aa908fb744) Importer(815301076,1909f56bfc062723c751e8b465ee728b)  -> (artifact id: 'c5add7c12172b1d1833f9bcccc8cac82') in 0.018587 seconds 
========================================================================
Received Import Request.
  Time since last request: 0.000098 seconds.
  path: Assets/UI - BUILDER/Source Files/Icons/Icons@1x-assets/Navigation/NaviIcon_11.png
  artifactKey: Guid(c756f950b859a4efb94c5e12c176123c) Importer(815301076,1909f56bfc062723c751e8b465ee728b)
Start importing Assets/UI - BUILDER/Source Files/Icons/Icons@1x-assets/Navigation/NaviIcon_11.png using Guid(c756f950b859a4efb94c5e12c176123c) Importer(815301076,1909f56bfc062723c751e8b465ee728b)  -> (artifact id: '5b42424a0b7c7b4a4e7c02ebdcc4b927') in 0.012810 seconds 
========================================================================
Received Import Request.
  Time since last request: 0.000061 seconds.
  path: Assets/UI - BUILDER/Source Files/Icons/Icons@2x-assets/Navigation/NaviIcon_2.png
  artifactKey: Guid(a734bfff9a1f8754895152172bc40e4e) Importer(815301076,1909f56bfc062723c751e8b465ee728b)
Start importing Assets/UI - BUILDER/Source Files/Icons/Icons@2x-assets/Navigation/NaviIcon_2.png using Guid(a734bfff9a1f8754895152172bc40e4e) Importer(815301076,1909f56bfc062723c751e8b465ee728b)  -> (artifact id: 'ba3c2f6a0d8b3c6f57af80a22cbe7790') in 0.022162 seconds 
========================================================================
Received Import Request.
  Time since last request: 0.000087 seconds.
  path: Assets/FlatCartoonGUI/png/level/level_star_small_2.png
  artifactKey: Guid(e23bed545b8344c4b935c7d54213fe9d) Importer(815301076,1909f56bfc062723c751e8b465ee728b)
Start importing Assets/FlatCartoonGUI/png/level/level_star_small_2.png using Guid(e23bed545b8344c4b935c7d54213fe9d) Importer(815301076,1909f56bfc062723c751e8b465ee728b)  -> (artifact id: '32774f647ad41ea3ad4a75c9ba32b260') in 0.016644 seconds 
========================================================================
Received Import Request.
  Time since last request: 0.000087 seconds.
  path: Assets/UI - BUILDER/Source Files/Panels/Panels@2x-assets/Labels/LabelRadius_0px_Stroke_16px.png
  artifactKey: Guid(03458dc289f91b245bb12d4bcefce444) Importer(815301076,1909f56bfc062723c751e8b465ee728b)
Start importing Assets/UI - BUILDER/Source Files/Panels/Panels@2x-assets/Labels/LabelRadius_0px_Stroke_16px.png using Guid(03458dc289f91b245bb12d4bcefce444) Importer(815301076,1909f56bfc062723c751e8b465ee728b)  -> (artifact id: 'e013747b635f9aafb9450be9613f7c27') in 0.022853 seconds 
========================================================================
Received Import Request.
  Time since last request: 0.000080 seconds.
  path: Assets/UI - BUILDER/Source Files/Panels/Panels@2x-assets/OneSidePanels/OneSideCornerPanelRadius_34px_Stroke_16px.png
  artifactKey: Guid(696942345495f3e46ac66de74f4ed4ea) Importer(815301076,1909f56bfc062723c751e8b465ee728b)
Start importing Assets/UI - BUILDER/Source Files/Panels/Panels@2x-assets/OneSidePanels/OneSideCornerPanelRadius_34px_Stroke_16px.png using Guid(696942345495f3e46ac66de74f4ed4ea) Importer(815301076,1909f56bfc062723c751e8b465ee728b)  -> (artifact id: '329b0e23cdb2b6ff105f1588553280f4') in 0.026641 seconds 
========================================================================
Received Import Request.
  Time since last request: 0.000098 seconds.
  path: Assets/FlatCartoonGUI/png/list/list_rectangle1.png
  artifactKey: Guid(4561703c282c3a740afb4394a4f38eb6) Importer(815301076,1909f56bfc062723c751e8b465ee728b)
Start importing Assets/FlatCartoonGUI/png/list/list_rectangle1.png using Guid(4561703c282c3a740afb4394a4f38eb6) Importer(815301076,1909f56bfc062723c751e8b465ee728b)  -> (artifact id: 'a4ab32b46e4edea5b6dc3c0a967f3587') in 0.035670 seconds 
========================================================================
Received Import Request.
  Time since last request: 0.000118 seconds.
  path: Assets/FlatCartoonGUI/png/icon_in_UI/icon_black/icon_black_10.png
  artifactKey: Guid(7f5b19043cce3d241a88626d84037eab) Importer(815301076,1909f56bfc062723c751e8b465ee728b)
Start importing Assets/FlatCartoonGUI/png/icon_in_UI/icon_black/icon_black_10.png using Guid(7f5b19043cce3d241a88626d84037eab) Importer(815301076,1909f56bfc062723c751e8b465ee728b)  -> (artifact id: '4604e828b4986bb632078928e9cc2789') in 0.018798 seconds 
========================================================================
Received Import Request.
  Time since last request: 0.000119 seconds.
  path: Assets/UI - BUILDER/Source Files/Icons/Icons@2x-assets/Location/LocationIcons_2.png
  artifactKey: Guid(e5946607b96b29a4383bd72a0f61b4e6) Importer(815301076,1909f56bfc062723c751e8b465ee728b)
Start importing Assets/UI - BUILDER/Source Files/Icons/Icons@2x-assets/Location/LocationIcons_2.png using Guid(e5946607b96b29a4383bd72a0f61b4e6) Importer(815301076,1909f56bfc062723c751e8b465ee728b)  -> (artifact id: 'd86b87e1303a6334436f17447ba37585') in 0.015536 seconds 
========================================================================
Received Import Request.
  Time since last request: 0.000109 seconds.
  path: Assets/FlatCartoonGUI/png/icon_in_UI/icon_black/icon_black_36.png
  artifactKey: Guid(406ca8a986a970c4b8ca97626b01763e) Importer(815301076,1909f56bfc062723c751e8b465ee728b)
Start importing Assets/FlatCartoonGUI/png/icon_in_UI/icon_black/icon_black_36.png using Guid(406ca8a986a970c4b8ca97626b01763e) Importer(815301076,1909f56bfc062723c751e8b465ee728b)  -> (artifact id: '817a054b95f2fd5aa34cbbee20b69fa1') in 0.020249 seconds 
========================================================================
Received Import Request.
  Time since last request: 0.000097 seconds.
  path: Assets/FlatCartoonGUI/png/icon_in_UI/icon_black/icon_black_31.png
  artifactKey: Guid(b5e58d2ff0fd11f48896e747de083a6c) Importer(815301076,1909f56bfc062723c751e8b465ee728b)
Start importing Assets/FlatCartoonGUI/png/icon_in_UI/icon_black/icon_black_31.png using Guid(b5e58d2ff0fd11f48896e747de083a6c) Importer(815301076,1909f56bfc062723c751e8b465ee728b)  -> (artifact id: '784fa994abb8221a9481fd9f8201dc42') in 0.017847 seconds 
========================================================================
Received Import Request.
  Time since last request: 0.000074 seconds.
  path: Assets/UI - BUILDER/Source Files/Icons/Icons@1x-assets/Location/LocationIcons_4.png
  artifactKey: Guid(8d521ac1e59be490595b0836207f98ce) Importer(815301076,1909f56bfc062723c751e8b465ee728b)
Start importing Assets/UI - BUILDER/Source Files/Icons/Icons@1x-assets/Location/LocationIcons_4.png using Guid(8d521ac1e59be490595b0836207f98ce) Importer(815301076,1909f56bfc062723c751e8b465ee728b)  -> (artifact id: '34f080466ea0d178cf2487ec33e26a98') in 0.020701 seconds 
========================================================================
Received Import Request.
  Time since last request: 0.000097 seconds.
  path: Assets/FlatCartoonGUI/png/icon_in_UI/icon_black/icon_black_41.png
  artifactKey: Guid(10aef1c187e0a944c8f40a4211460fcc) Importer(815301076,1909f56bfc062723c751e8b465ee728b)
Start importing Assets/FlatCartoonGUI/png/icon_in_UI/icon_black/icon_black_41.png using Guid(10aef1c187e0a944c8f40a4211460fcc) Importer(815301076,1909f56bfc062723c751e8b465ee728b)  -> (artifact id: 'd207bc6f18b5e9ee983cbc9bd08b8b35') in 0.017516 seconds 
========================================================================
Received Import Request.
  Time since last request: 0.000079 seconds.
  path: Assets/UI - BUILDER/Source Files/Panels/Panels@1x-assets/Labels/LabelRadius_6px_Stroke_1px.png
  artifactKey: Guid(9f3f81674884d5342b27371f61436046) Importer(815301076,1909f56bfc062723c751e8b465ee728b)
Start importing Assets/UI - BUILDER/Source Files/Panels/Panels@1x-assets/Labels/LabelRadius_6px_Stroke_1px.png using Guid(9f3f81674884d5342b27371f61436046) Importer(815301076,1909f56bfc062723c751e8b465ee728b)  -> (artifact id: '14d595ab0724b6704fc2e1dd87a80591') in 0.023413 seconds 
========================================================================
Received Import Request.
  Time since last request: 0.000100 seconds.
  path: Assets/FlatCartoonGUI/png/inputbox/inputbox_oval_2.png
  artifactKey: Guid(e99b78a5a4e90c343ba8c5b23e63b9e9) Importer(815301076,1909f56bfc062723c751e8b465ee728b)
Start importing Assets/FlatCartoonGUI/png/inputbox/inputbox_oval_2.png using Guid(e99b78a5a4e90c343ba8c5b23e63b9e9) Importer(815301076,1909f56bfc062723c751e8b465ee728b)  -> (artifact id: '63819cbe8dae9c2aaa69a6112621e5e4') in 0.024537 seconds 
========================================================================
Received Import Request.
  Time since last request: 0.000077 seconds.
  path: Assets/FlatCartoonGUI/png/level/level_oval_1star.png
  artifactKey: Guid(a231cb538c36ffd4c93c7c13526ad657) Importer(815301076,1909f56bfc062723c751e8b465ee728b)
Start importing Assets/FlatCartoonGUI/png/level/level_oval_1star.png using Guid(a231cb538c36ffd4c93c7c13526ad657) Importer(815301076,1909f56bfc062723c751e8b465ee728b)  -> (artifact id: 'b0866c27ab75e08ed92094a3a471e0c1') in 0.020239 seconds 
========================================================================
Received Import Request.
  Time since last request: 0.000121 seconds.
  path: Assets/PolygonNature/FX/FX_Materials/LeaveTexture.png
  artifactKey: Guid(da01a20cc90345948b6eaae7ec14bf1a) Importer(815301076,1909f56bfc062723c751e8b465ee728b)
Start importing Assets/PolygonNature/FX/FX_Materials/LeaveTexture.png using Guid(da01a20cc90345948b6eaae7ec14bf1a) Importer(815301076,1909f56bfc062723c751e8b465ee728b) WARNING: RGBA Compressed ASTC6X6 UNorm format is not supported, decompressing texture
 -> (artifact id: '6d06825d6c9ef9c24a2eed05ee1b7ba7') in 0.011327 seconds 
========================================================================
Received Import Request.
  Time since last request: 0.000118 seconds.
  path: Assets/UI - BUILDER/Source Files/Panels/Panels@1x-assets/Labels/LabelRadius_12px_Stroke_12px.png
  artifactKey: Guid(8b6d0aec3b66a4c469e7207125dc3579) Importer(815301076,1909f56bfc062723c751e8b465ee728b)
Start importing Assets/UI - BUILDER/Source Files/Panels/Panels@1x-assets/Labels/LabelRadius_12px_Stroke_12px.png using Guid(8b6d0aec3b66a4c469e7207125dc3579) Importer(815301076,1909f56bfc062723c751e8b465ee728b)  -> (artifact id: 'd51c39302935863da2bcce0dd2912d79') in 0.019867 seconds 
========================================================================
Received Import Request.
  Time since last request: 0.000068 seconds.
  path: Assets/UI - BUILDER/Source Files/Panels/Panels@1x-assets/Labels/LabelRadius_0px_Fill.png
  artifactKey: Guid(e2d222ff67f498a4ba4efc3d7ee2986a) Importer(815301076,1909f56bfc062723c751e8b465ee728b)
Start importing Assets/UI - BUILDER/Source Files/Panels/Panels@1x-assets/Labels/LabelRadius_0px_Fill.png using Guid(e2d222ff67f498a4ba4efc3d7ee2986a) Importer(815301076,1909f56bfc062723c751e8b465ee728b)  -> (artifact id: 'a8b1e4353febd6b5734426931db9357e') in 0.018745 seconds 
========================================================================
Received Import Request.
  Time since last request: 0.000087 seconds.
  path: Assets/UI - BUILDER/Source Files/Panels/Panels@2x-assets/Labels/LabelRadius_34px_Stroke_12px.png
  artifactKey: Guid(f1d266b3a33a5e94cb7d11e52d38e593) Importer(815301076,1909f56bfc062723c751e8b465ee728b)
Start importing Assets/UI - BUILDER/Source Files/Panels/Panels@2x-assets/Labels/LabelRadius_34px_Stroke_12px.png using Guid(f1d266b3a33a5e94cb7d11e52d38e593) Importer(815301076,1909f56bfc062723c751e8b465ee728b)  -> (artifact id: '11ffdc61d92726bf020467f0a42320c5') in 0.021371 seconds 
========================================================================
Received Import Request.
  Time since last request: 0.000103 seconds.
  path: Assets/UI - BUILDER/Source Files/Panels/Panels@1x-assets/Labels/LabelRadius_12px_Stroke_1px.png
  artifactKey: Guid(51377400058f1104793f78bbf3f25515) Importer(815301076,1909f56bfc062723c751e8b465ee728b)
Start importing Assets/UI - BUILDER/Source Files/Panels/Panels@1x-assets/Labels/LabelRadius_12px_Stroke_1px.png using Guid(51377400058f1104793f78bbf3f25515) Importer(815301076,1909f56bfc062723c751e8b465ee728b)  -> (artifact id: '7b70552b66dab2ea518824123babc073') in 0.032593 seconds 
========================================================================
Received Import Request.
  Time since last request: 0.000454 seconds.
  path: Assets/FlatCartoonGUI/png/icon_in_UI/icon_black/icon_black_39.png
  artifactKey: Guid(303d0d5d1e43aa94b814b42fc6a6a526) Importer(815301076,1909f56bfc062723c751e8b465ee728b)
Start importing Assets/FlatCartoonGUI/png/icon_in_UI/icon_black/icon_black_39.png using Guid(303d0d5d1e43aa94b814b42fc6a6a526) Importer(815301076,1909f56bfc062723c751e8b465ee728b)  -> (artifact id: 'b7cba671c40e34fe14373c4243915d88') in 0.028183 seconds 
========================================================================
Received Import Request.
  Time since last request: 0.000090 seconds.
  path: Assets/FlatCartoonGUI/png/level/level_rectangle_3star.png
  artifactKey: Guid(c8bec6321b118624f91031eb85c9fbcf) Importer(815301076,1909f56bfc062723c751e8b465ee728b)
Start importing Assets/FlatCartoonGUI/png/level/level_rectangle_3star.png using Guid(c8bec6321b118624f91031eb85c9fbcf) Importer(815301076,1909f56bfc062723c751e8b465ee728b)  -> (artifact id: 'b56cb09ec1efdf15afa32f47e0f08af7') in 0.023389 seconds 
========================================================================
Received Import Request.
  Time since last request: 0.000111 seconds.
  path: Assets/FlatCartoonGUI/png/icon_in_UI/icon_black/icon_black_40.png
  artifactKey: Guid(7b4e73f2f49705147800fd8c6c269575) Importer(815301076,1909f56bfc062723c751e8b465ee728b)
Start importing Assets/FlatCartoonGUI/png/icon_in_UI/icon_black/icon_black_40.png using Guid(7b4e73f2f49705147800fd8c6c269575) Importer(815301076,1909f56bfc062723c751e8b465ee728b)  -> (artifact id: '7fc18b225b4820702b82b43ba909f0f9') in 0.016930 seconds 
========================================================================
Received Import Request.
  Time since last request: 0.000176 seconds.
  path: Assets/FlatCartoonGUI/png/icon_in_UI/icon_black/icon_black_42.png
  artifactKey: Guid(1625889146a386549bf39139cf1bc429) Importer(815301076,1909f56bfc062723c751e8b465ee728b)
Start importing Assets/FlatCartoonGUI/png/icon_in_UI/icon_black/icon_black_42.png using Guid(1625889146a386549bf39139cf1bc429) Importer(815301076,1909f56bfc062723c751e8b465ee728b)  -> (artifact id: 'a75539652bcb3529224c7919b3cfdaa7') in 0.025139 seconds 
========================================================================
Received Import Request.
  Time since last request: 0.000120 seconds.
  path: Assets/FlatCartoonGUI/png/level/level_oval_lock.png
  artifactKey: Guid(bd5f1292231823a4bb1faa884677f697) Importer(815301076,1909f56bfc062723c751e8b465ee728b)
Start importing Assets/FlatCartoonGUI/png/level/level_oval_lock.png using Guid(bd5f1292231823a4bb1faa884677f697) Importer(815301076,1909f56bfc062723c751e8b465ee728b)  -> (artifact id: '47b40f424ba9452d62462c74f7c4ab53') in 0.032595 seconds 
========================================================================
Received Import Request.
  Time since last request: 0.000108 seconds.
  path: Assets/UI - BUILDER/Source Files/Panels/Panels@1x-assets/Labels/LabelRadius_12px_Stroke_2px.png
  artifactKey: Guid(6f2ae161f9142ca40a8c86657a6cf667) Importer(815301076,1909f56bfc062723c751e8b465ee728b)
Start importing Assets/UI - BUILDER/Source Files/Panels/Panels@1x-assets/Labels/LabelRadius_12px_Stroke_2px.png using Guid(6f2ae161f9142ca40a8c86657a6cf667) Importer(815301076,1909f56bfc062723c751e8b465ee728b)  -> (artifact id: 'b0300241220836cda2539e2dd6ce3a47') in 0.022902 seconds 
========================================================================
Received Import Request.
  Time since last request: 0.000119 seconds.
  path: Assets/FlatCartoonGUI/png/item/life_background_2.png
  artifactKey: Guid(3257062dc2e4325458134a49e2ce4aee) Importer(815301076,1909f56bfc062723c751e8b465ee728b)
Start importing Assets/FlatCartoonGUI/png/item/life_background_2.png using Guid(3257062dc2e4325458134a49e2ce4aee) Importer(815301076,1909f56bfc062723c751e8b465ee728b)  -> (artifact id: '12299c3ddc37ce35f1f7fc215b24d20e') in 0.021025 seconds 
========================================================================
Received Import Request.
  Time since last request: 0.000086 seconds.
  path: Assets/FlatCartoonGUI/png/icon_in_UI/icon_black/icon_black_57.png
  artifactKey: Guid(fefc019c7c50ccb49a4c6109040f702e) Importer(815301076,1909f56bfc062723c751e8b465ee728b)
Start importing Assets/FlatCartoonGUI/png/icon_in_UI/icon_black/icon_black_57.png using Guid(fefc019c7c50ccb49a4c6109040f702e) Importer(815301076,1909f56bfc062723c751e8b465ee728b)  -> (artifact id: 'f24606413f73fe564379962782883d3c') in 0.015656 seconds 
========================================================================
Received Import Request.
  Time since last request: 0.000081 seconds.
  path: Assets/UI - BUILDER/Source Files/Panels/Panels@2x-assets/Circles/MiddleSize_Stroke_2px.png
  artifactKey: Guid(ae675075ccb4bd846a4999c89483325b) Importer(815301076,1909f56bfc062723c751e8b465ee728b)
Start importing Assets/UI - BUILDER/Source Files/Panels/Panels@2x-assets/Circles/MiddleSize_Stroke_2px.png using Guid(ae675075ccb4bd846a4999c89483325b) Importer(815301076,1909f56bfc062723c751e8b465ee728b)  -> (artifact id: '783cfc9a7b9ca4d9e9bb892a801fc6d1') in 0.021555 seconds 
========================================================================
Received Import Request.
  Time since last request: 0.000083 seconds.
  path: Assets/FlatCartoonGUI/png/item/life_simple_2.png
  artifactKey: Guid(ca54e00b67300b84fbe38aba8ed5853f) Importer(815301076,1909f56bfc062723c751e8b465ee728b)
Start importing Assets/FlatCartoonGUI/png/item/life_simple_2.png using Guid(ca54e00b67300b84fbe38aba8ed5853f) Importer(815301076,1909f56bfc062723c751e8b465ee728b)  -> (artifact id: 'dd46d77ae0233110d6c25820ba4cfe81') in 0.016770 seconds 
========================================================================
Received Import Request.
  Time since last request: 0.000096 seconds.
  path: Assets/FlatCartoonGUI/png/list/list_rectangle2.png
  artifactKey: Guid(1a5d142f01aa44940b6642a67f240433) Importer(815301076,1909f56bfc062723c751e8b465ee728b)
Start importing Assets/FlatCartoonGUI/png/list/list_rectangle2.png using Guid(1a5d142f01aa44940b6642a67f240433) Importer(815301076,1909f56bfc062723c751e8b465ee728b)  -> (artifact id: 'b2d492bd3f53efd8863541386970b113') in 0.023334 seconds 
========================================================================
Received Import Request.
  Time since last request: 0.000094 seconds.
  path: Assets/UI - BUILDER/Source Files/Panels/Panels@1x-assets/OneSidePanels/OneSideCornerPanelRadius_34px_Stroke_4px.png
  artifactKey: Guid(42b39b88caca7e1439eda8b10937d622) Importer(815301076,1909f56bfc062723c751e8b465ee728b)
Start importing Assets/UI - BUILDER/Source Files/Panels/Panels@1x-assets/OneSidePanels/OneSideCornerPanelRadius_34px_Stroke_4px.png using Guid(42b39b88caca7e1439eda8b10937d622) Importer(815301076,1909f56bfc062723c751e8b465ee728b)  -> (artifact id: '06dd0c2951f9c5839422084af823c027') in 0.015663 seconds 
========================================================================
Received Import Request.
  Time since last request: 0.000084 seconds.
  path: Assets/FlatCartoonGUI/png/avatar/line_square/line_square.png
  artifactKey: Guid(7b5853b0c9e13da459714cfc12739a80) Importer(815301076,1909f56bfc062723c751e8b465ee728b)
Start importing Assets/FlatCartoonGUI/png/avatar/line_square/line_square.png using Guid(7b5853b0c9e13da459714cfc12739a80) Importer(815301076,1909f56bfc062723c751e8b465ee728b)  -> (artifact id: 'be564c8fd40ac1914831d8f93a5e884a') in 0.015757 seconds 
========================================================================
Received Import Request.
  Time since last request: 0.000088 seconds.
  path: Assets/UI - BUILDER/Source Files/Icons/Icons@1x-assets/Navigation/NaviIcon_21.png
  artifactKey: Guid(18cd0fde0a7d04222b010a19735db0b4) Importer(815301076,1909f56bfc062723c751e8b465ee728b)
Start importing Assets/UI - BUILDER/Source Files/Icons/Icons@1x-assets/Navigation/NaviIcon_21.png using Guid(18cd0fde0a7d04222b010a19735db0b4) Importer(815301076,1909f56bfc062723c751e8b465ee728b)  -> (artifact id: 'd40f5d77256eeb9d5fd2f5f7fc710f76') in 0.013303 seconds 
========================================================================
Received Import Request.
  Time since last request: 0.000069 seconds.
  path: Assets/UI - BUILDER/Source Files/Panels/Panels@2x-assets/Labels/LabelRadius_12px_Stroke_12px.png
  artifactKey: Guid(39b0c2f6521f66b4f8be29354cdb4140) Importer(815301076,1909f56bfc062723c751e8b465ee728b)
Start importing Assets/UI - BUILDER/Source Files/Panels/Panels@2x-assets/Labels/LabelRadius_12px_Stroke_12px.png using Guid(39b0c2f6521f66b4f8be29354cdb4140) Importer(815301076,1909f56bfc062723c751e8b465ee728b)  -> (artifact id: '28b672d9d1b7bb3c80fc5f47acb6c56e') in 0.015133 seconds 
Editor requested this worker to shutdown with reason: Scaling down because of idle timeout
AssetImportWorker is now disconnected from the server
Process exiting
